Using pre-set license
Built from '2021.3/staging' branch; Version is '2021.3.9f1 (ad3870b89536) revision 11352176'; Using compiler version '192829333'; Build Type 'Release'
OS: 'Windows 11  (10.0.22000) 64bit Professional' Language: 'en' Physical Memory: 16167 MB
BatchMode: 1, IsHumanControllingUs: 0, StartBugReporterOnCrash: 0, Is64bit: 1, IsPro: 1

COMMAND LINE ARGUMENTS:
C:\Program Files\Unity\Hub\Editor\2021.3.9f1\Editor\Unity.exe
-adb2
-batchMode
-noUpm
-name
AssetImportWorker0
-projectPath
C:/Users/Ginger/Documents/UnityDev/MechGame
-logFile
Logs/AssetImportWorker0.log
-srvPort
64428
Successfully changed project path to: C:/Users/Ginger/Documents/UnityDev/MechGame
C:/Users/Ginger/Documents/UnityDev/MechGame
[UnityMemory] Configuration Parameters - Can be set up in boot.config
    "memorysetup-bucket-allocator-granularity=16"
    "memorysetup-bucket-allocator-bucket-count=8"
    "memorysetup-bucket-allocator-block-size=33554432"
    "memorysetup-bucket-allocator-block-count=8"
    "memorysetup-main-allocator-block-size=16777216"
    "memorysetup-thread-allocator-block-size=16777216"
    "memorysetup-gfx-main-allocator-block-size=16777216"
    "memorysetup-gfx-thread-allocator-block-size=16777216"
    "memorysetup-cache-allocator-block-size=4194304"
    "memorysetup-typetree-allocator-block-size=2097152"
    "memorysetup-profiler-bucket-allocator-granularity=16"
    "memorysetup-profiler-bucket-allocator-bucket-count=8"
    "memorysetup-profiler-bucket-allocator-block-size=33554432"
    "memorysetup-profiler-bucket-allocator-block-count=8"
    "memorysetup-profiler-allocator-block-size=16777216"
    "memorysetup-profiler-editor-allocator-block-size=1048576"
    "memorysetup-temp-allocator-size-main=16777216"
    "memorysetup-job-temp-allocator-block-size=2097152"
    "memorysetup-job-temp-allocator-block-size-background=1048576"
    "memorysetup-job-temp-allocator-reduction-small-platforms=262144"
    "memorysetup-temp-allocator-size-background-worker=32768"
    "memorysetup-temp-allocator-size-job-worker=262144"
    "memorysetup-temp-allocator-size-preload-manager=33554432"
    "memorysetup-temp-allocator-size-nav-mesh-worker=65536"
    "memorysetup-temp-allocator-size-audio-worker=65536"
    "memorysetup-temp-allocator-size-cloud-worker=32768"
    "memorysetup-temp-allocator-size-gi-baking-worker=262144"
    "memorysetup-temp-allocator-size-gfx=262144"
Refreshing native plugins compatible for Editor in 136.82 ms, found 3 plugins.
Preloading 0 native plugins for Editor in 0.00 ms.
Initialize engine version: 2021.3.9f1 (ad3870b89536)
[Subsystems] Discovering subsystems at path C:/Program Files/Unity/Hub/Editor/2021.3.9f1/Editor/Data/Resources/UnitySubsystems
[Subsystems] Discovering subsystems at path C:/Users/Ginger/Documents/UnityDev/MechGame/Assets
GfxDevice: creating device client; threaded=0; jobified=0
Direct3D:
    Version:  Direct3D 11.0 [level 11.1]
    Renderer: Intel(R) Iris(R) Xe Graphics (ID=0x9a49)
    Vendor:   Intel
    VRAM:     8083 MB
    Driver:   31.0.101.1999
Initialize mono
Mono path[0] = 'C:/Program Files/Unity/Hub/Editor/2021.3.9f1/Editor/Data/Managed'
Mono path[1] = 'C:/Program Files/Unity/Hub/Editor/2021.3.9f1/Editor/Data/MonoBleedingEdge/lib/mono/unityjit-win32'
Mono config path = 'C:/Program Files/Unity/Hub/Editor/2021.3.9f1/Editor/Data/MonoBleedingEdge/etc'
Using monoOptions --debugger-agent=transport=dt_socket,embedding=1,server=y,suspend=n,address=127.0.0.1:56628
Begin MonoManager ReloadAssembly
Registering precompiled unity dll's ...
Register platform support module: C:/Program Files/Unity/Hub/Editor/2021.3.9f1/Editor/Data/PlaybackEngines/WebGLSupport/UnityEditor.WebGL.Extensions.dll
Register platform support module: C:/Program Files/Unity/Hub/Editor/2021.3.9f1/Editor/Data/PlaybackEngines/WindowsStandaloneSupport/UnityEditor.WindowsStandalone.Extensions.dll
Registered in 0.008635 seconds.
Native extension for WindowsStandalone target not found
Native extension for WebGL target not found
Refreshing native plugins compatible for Editor in 131.51 ms, found 3 plugins.
Preloading 0 native plugins for Editor in 0.00 ms.
Mono: successfully reloaded assembly
- Completed reload, in  0.779 seconds
Domain Reload Profiling:
	ReloadAssembly (780ms)
		BeginReloadAssembly (106ms)
			ExecutionOrderSort (0ms)
			DisableScriptedObjects (0ms)
			BackupInstance (0ms)
			ReleaseScriptingObjects (0ms)
			CreateAndSetChildDomain (1ms)
		EndReloadAssembly (548ms)
			LoadAssemblies (102ms)
			RebuildTransferFunctionScriptingTraits (0ms)
			SetupTypeCache (107ms)
			ReleaseScriptCaches (0ms)
			RebuildScriptCaches (31ms)
			SetupLoadedEditorAssemblies (355ms)
				LogAssemblyErrors (0ms)
				InitializePlatformSupportModulesInManaged (11ms)
				SetLoadedEditorAssemblies (0ms)
				RefreshPlugins (132ms)
				BeforeProcessingInitializeOnLoad (1ms)
				ProcessInitializeOnLoadAttributes (156ms)
				ProcessInitializeOnLoadMethodAttributes (55ms)
				AfterProcessingInitializeOnLoad (0ms)
				EditorAssembliesLoaded (0ms)
			ExecutionOrderSort2 (0ms)
			AwakeInstancesAfterBackupRestoration (0ms)
Platform modules already initialized, skipping
Registering precompiled user dll's ...
Registered in 0.016623 seconds.
Begin MonoManager ReloadAssembly
Native extension for WindowsStandalone target not found
Native extension for WebGL target not found
Refreshing native plugins compatible for Editor in 129.91 ms, found 3 plugins.
Preloading 0 native plugins for Editor in 0.00 ms.
Mono: successfully reloaded assembly
- Completed reload, in  1.507 seconds
Domain Reload Profiling:
	ReloadAssembly (1508ms)
		BeginReloadAssembly (120ms)
			ExecutionOrderSort (0ms)
			DisableScriptedObjects (5ms)
			BackupInstance (0ms)
			ReleaseScriptingObjects (0ms)
			CreateAndSetChildDomain (28ms)
		EndReloadAssembly (1266ms)
			LoadAssemblies (97ms)
			RebuildTransferFunctionScriptingTraits (0ms)
			SetupTypeCache (298ms)
			ReleaseScriptCaches (1ms)
			RebuildScriptCaches (71ms)
			SetupLoadedEditorAssemblies (755ms)
				LogAssemblyErrors (0ms)
				InitializePlatformSupportModulesInManaged (6ms)
				SetLoadedEditorAssemblies (0ms)
				RefreshPlugins (130ms)
				BeforeProcessingInitializeOnLoad (129ms)
				ProcessInitializeOnLoadAttributes (386ms)
				ProcessInitializeOnLoadMethodAttributes (93ms)
				AfterProcessingInitializeOnLoad (11ms)
				EditorAssembliesLoaded (0ms)
			ExecutionOrderSort2 (0ms)
			AwakeInstancesAfterBackupRestoration (6ms)
Platform modules already initialized, skipping
========================================================================
Worker process is ready to serve import requests
Launched and connected shader compiler UnityShaderCompiler.exe after 0.11 seconds
Refreshing native plugins compatible for Editor in 1.03 ms, found 3 plugins.
Preloading 0 native plugins for Editor in 0.00 ms.
Unloading 5664 Unused Serialized files (Serialized files now loaded: 0)
Unloading 64 unused Assets / (1.2 MB). Loaded Objects now: 6104.
Memory consumption went from 221.6 MB to 220.5 MB.
Total: 6.776300 ms (FindLiveObjects: 0.578200 ms CreateObjectMapping: 0.270100 ms MarkObjects: 5.357300 ms  DeleteObjects: 0.569200 ms)

AssetImportParameters requested are different than current active one (requested -> active):
  custom:video-decoder-ogg-theora: a1e56fd34408186e4bbccfd4996cb3dc -> 
  custom:container-muxer-webm: aa71ff27fc2769a1b78a27578f13a17b -> 
  custom:container-demuxer-webm: 4f35f7cbe854078d1ac9338744f61a02 -> 
  custom:video-encoder-webm-vp8: eb34c28f22e8b96e1ab97ce403110664 -> 
  custom:audio-encoder-webm-vorbis: bf7c407c2cedff20999df2af8eb42d56 -> 
  custom:framework-win-MediaFoundation: 216162199b28c13a410421893ffa2e32 -> 
  custom:container-demuxer-ogg: 62fdf1f143b41e24485cea50d1cbac27 -> 
  custom:video-decoder-webm-vp8: 9c59270c3fd7afecdb556c50c9e8de78 -> 
  custom:audio-decoder-ogg-vorbis: bf7c407c2cedff20999df2af8eb42d56 -> 
========================================================================
Received Import Request.
  Time since last request: 833145.694727 seconds.
  path: Assets/Readme.asset
  artifactKey: Guid(4181bfe715a83e843b7538d750dc57cc) Importer(815301076,1909f56bfc062723c751e8b465ee728b)
Start importing Assets/Readme.asset using Guid(4181bfe715a83e843b7538d750dc57cc) Importer(815301076,1909f56bfc062723c751e8b465ee728b)  -> (artifact id: 'cd78e58a402d1a65c751fb7ec54db3ae') in 0.057788 seconds 
========================================================================
Received Import Request.
  Time since last request: 0.000025 seconds.
  path: Assets/mech.obj
  artifactKey: Guid(2696c04fe7de9da43b03a7fb860c80ac) Importer(815301076,1909f56bfc062723c751e8b465ee728b)
Start importing Assets/mech.obj using Guid(2696c04fe7de9da43b03a7fb860c80ac) Importer(815301076,1909f56bfc062723c751e8b465ee728b)  -> (artifact id: '64113b45245e8997d920456ece97e8d3') in 0.406827 seconds 
========================================================================
Received Import Request.
  Time since last request: 15.002533 seconds.
  path: Assets/Environment
  artifactKey: Guid(8d8da06649314d7498296c53b4a0a77a) Importer(815301076,1909f56bfc062723c751e8b465ee728b)
Start importing Assets/Environment using Guid(8d8da06649314d7498296c53b4a0a77a) Importer(815301076,1909f56bfc062723c751e8b465ee728b)  -> (artifact id: '4dc81271a020dee4985103a19b0a37f9') in 0.007559 seconds 
========================================================================
Received Import Request.
  Time since last request: 5.871877 seconds.
  path: Assets/Environment/Art
  artifactKey: Guid(bc688fc4c70b02044b054f994d6e36e6) Importer(815301076,1909f56bfc062723c751e8b465ee728b)
Start importing Assets/Environment/Art using Guid(bc688fc4c70b02044b054f994d6e36e6) Importer(815301076,1909f56bfc062723c751e8b465ee728b)  -> (artifact id: 'de2f5c11cbc55605bcf474aac6598d5d') in 0.007929 seconds 
========================================================================
Received Import Request.
  Time since last request: 0.942942 seconds.
  path: Assets/Environment/Art/Materials
  artifactKey: Guid(62e09e1e4aed9424ba218499f11ea644) Importer(815301076,1909f56bfc062723c751e8b465ee728b)
Start importing Assets/Environment/Art/Materials using Guid(62e09e1e4aed9424ba218499f11ea644) Importer(815301076,1909f56bfc062723c751e8b465ee728b)  -> (artifact id: 'a3340d392f3d269ef2fe9577412c6560') in 0.008594 seconds 
========================================================================
Received Import Request.
  Time since last request: 0.026393 seconds.
  path: Assets/Environment/Art/Materials/Blue_Mat.mat
  artifactKey: Guid(979aef027a1c86c42a15ce35fce366fa) Importer(815301076,1909f56bfc062723c751e8b465ee728b)
Start importing Assets/Environment/Art/Materials/Blue_Mat.mat using Guid(979aef027a1c86c42a15ce35fce366fa) Importer(815301076,1909f56bfc062723c751e8b465ee728b)  -> (artifact id: '2e04456dbf46a322ca53288112deed5a') in 0.025120 seconds 
========================================================================
Received Import Request.
  Time since last request: 0.000029 seconds.
  path: Assets/Environment/Art/Materials/GridWhite_01_Mat.mat
  artifactKey: Guid(dbf898c9f9c4a2d46aa6336e23caeb61) Importer(815301076,1909f56bfc062723c751e8b465ee728b)
Start importing Assets/Environment/Art/Materials/GridWhite_01_Mat.mat using Guid(dbf898c9f9c4a2d46aa6336e23caeb61) Importer(815301076,1909f56bfc062723c751e8b465ee728b)  -> (artifact id: '29b107f6e163e153da9ac57835e98653') in 0.032987 seconds 
========================================================================
Received Import Request.
  Time since last request: 0.000032 seconds.
  path: Assets/Environment/Art/Materials/GridOrange_01_Mat.mat
  artifactKey: Guid(7ab977a21c92388468ee65ad1c0e5a78) Importer(815301076,1909f56bfc062723c751e8b465ee728b)
Start importing Assets/Environment/Art/Materials/GridOrange_01_Mat.mat using Guid(7ab977a21c92388468ee65ad1c0e5a78) Importer(815301076,1909f56bfc062723c751e8b465ee728b)  -> (artifact id: '92ee4a5c581f488d9714a68458b6ca1c') in 0.031272 seconds 
========================================================================
Received Import Request.
  Time since last request: 0.000029 seconds.
  path: Assets/Environment/Art/Materials/GridBlue_01_Mat.mat
  artifactKey: Guid(ff188f58422043f489060e28a5e4e0c0) Importer(815301076,1909f56bfc062723c751e8b465ee728b)
Start importing Assets/Environment/Art/Materials/GridBlue_01_Mat.mat using Guid(ff188f58422043f489060e28a5e4e0c0) Importer(815301076,1909f56bfc062723c751e8b465ee728b)  -> (artifact id: '925797ac52ab42b1969ceaf2ea4ee0a7') in 0.030394 seconds 
========================================================================
Received Import Request.
  Time since last request: 0.000039 seconds.
  path: Assets/Environment/Art/Materials/ShaderGraphGrid_01_Mat.mat
  artifactKey: Guid(4589b87b8508f6e48b8fddb385924b16) Importer(815301076,1909f56bfc062723c751e8b465ee728b)
Start importing Assets/Environment/Art/Materials/ShaderGraphGrid_01_Mat.mat using Guid(4589b87b8508f6e48b8fddb385924b16) Importer(815301076,1909f56bfc062723c751e8b465ee728b)  -> (artifact id: '23dd6c0cdbf23ebedb8fefad08790a92') in 2.011020 seconds 
========================================================================
Received Import Request.
  Time since last request: 4.192457 seconds.
  path: Assets/Environment/Art/Models
  artifactKey: Guid(a725de072e7eb4d449d782a7c86fd0bf) Importer(815301076,1909f56bfc062723c751e8b465ee728b)
Start importing Assets/Environment/Art/Models using Guid(a725de072e7eb4d449d782a7c86fd0bf) Importer(815301076,1909f56bfc062723c751e8b465ee728b)  -> (artifact id: 'a89f519c3008c7ed03a96a187cd8eb9c') in 0.009101 seconds 
========================================================================
Received Import Request.
  Time since last request: 0.024330 seconds.
  path: Assets/Environment/Art/Models/Box_350x250x200_Mesh.fbx
  artifactKey: Guid(c6a55ba99e9e99d41b7eef123e311a43) Importer(815301076,1909f56bfc062723c751e8b465ee728b)
Start importing Assets/Environment/Art/Models/Box_350x250x200_Mesh.fbx using Guid(c6a55ba99e9e99d41b7eef123e311a43) Importer(815301076,1909f56bfc062723c751e8b465ee728b)  -> (artifact id: 'be0bfc1236785156bd4d7ca6e257e6e9') in 0.041039 seconds 
========================================================================
Received Import Request.
  Time since last request: 0.000081 seconds.
  path: Assets/Environment/Art/Models/Tunnel_Mesh.fbx
  artifactKey: Guid(f712806514868e54699156ec05dcb749) Importer(815301076,1909f56bfc062723c751e8b465ee728b)
Start importing Assets/Environment/Art/Models/Tunnel_Mesh.fbx using Guid(f712806514868e54699156ec05dcb749) Importer(815301076,1909f56bfc062723c751e8b465ee728b)  -> (artifact id: '80efc383b64e2617da677b0f621c8686') in 0.052083 seconds 
========================================================================
Received Import Request.
  Time since last request: 0.000062 seconds.
  path: Assets/Environment/Art/Models/Stairs_650_400_300_Mesh.fbx
  artifactKey: Guid(7e0223e1d3e1733499accfa5ebffb67e) Importer(815301076,1909f56bfc062723c751e8b465ee728b)
Start importing Assets/Environment/Art/Models/Stairs_650_400_300_Mesh.fbx using Guid(7e0223e1d3e1733499accfa5ebffb67e) Importer(815301076,1909f56bfc062723c751e8b465ee728b)  -> (artifact id: 'bd1c9dca11c24c5d5162dc6398b0557e') in 0.103333 seconds 
========================================================================
Received Import Request.
  Time since last request: 0.000043 seconds.
  path: Assets/Environment/Art/Models/Ramp_100x100x200_Mesh.fbx
  artifactKey: Guid(bfff06aaff363a847ad37bf592364e6b) Importer(815301076,1909f56bfc062723c751e8b465ee728b)
Start importing Assets/Environment/Art/Models/Ramp_100x100x200_Mesh.fbx using Guid(bfff06aaff363a847ad37bf592364e6b) Importer(815301076,1909f56bfc062723c751e8b465ee728b)  -> (artifact id: '0013868a373dc8fa47a6a55955046584') in 0.049894 seconds 
========================================================================
Received Import Request.
  Time since last request: 0.000064 seconds.
  path: Assets/Environment/Art/Models/Ground_Mesh.fbx
  artifactKey: Guid(aa38d7b0e367ecc4aac915dcfe957879) Importer(815301076,1909f56bfc062723c751e8b465ee728b)
Start importing Assets/Environment/Art/Models/Ground_Mesh.fbx using Guid(aa38d7b0e367ecc4aac915dcfe957879) Importer(815301076,1909f56bfc062723c751e8b465ee728b)  -> (artifact id: '84b4c60dcdd585329c5aee03ef829b98') in 0.049375 seconds 
========================================================================
Received Import Request.
  Time since last request: 2.944639 seconds.
  path: Assets/Environment/Art/Skybox
  artifactKey: Guid(a5810db7e2f75fd4281a8ace4949bec8) Importer(815301076,1909f56bfc062723c751e8b465ee728b)
Start importing Assets/Environment/Art/Skybox using Guid(a5810db7e2f75fd4281a8ace4949bec8) Importer(815301076,1909f56bfc062723c751e8b465ee728b)  -> (artifact id: '6d888a0195665c32563a4c3e5943aecf') in 0.009402 seconds 
========================================================================
Received Import Request.
  Time since last request: 0.025719 seconds.
  path: Assets/Environment/Art/Skybox/SkyboxLite.mat
  artifactKey: Guid(f6c51332ac7d92541a38fb263b09d2a8) Importer(815301076,1909f56bfc062723c751e8b465ee728b)
Start importing Assets/Environment/Art/Skybox/SkyboxLite.mat using Guid(f6c51332ac7d92541a38fb263b09d2a8) Importer(815301076,1909f56bfc062723c751e8b465ee728b)  -> (artifact id: '6e81730bb2dac9a6436a3dc70bdf4a0b') in 0.027971 seconds 
========================================================================
Received Import Request.
  Time since last request: 2.995173 seconds.
  path: Assets/Environment/Art/Textures
  artifactKey: Guid(ed5cc06472bb24d419458b6ece5b79eb) Importer(815301076,1909f56bfc062723c751e8b465ee728b)
Start importing Assets/Environment/Art/Textures using Guid(ed5cc06472bb24d419458b6ece5b79eb) Importer(815301076,1909f56bfc062723c751e8b465ee728b)  -> (artifact id: 'ce9dcc3c91e74ca438c9691c45ae8cf5') in 0.008924 seconds 
========================================================================
Received Import Request.
  Time since last request: 0.023123 seconds.
  path: Assets/Environment/Art/Textures/Grid_01_BaseMap.png
  artifactKey: Guid(d1118dda59970a2449ee890fa247c4c5) Importer(815301076,1909f56bfc062723c751e8b465ee728b)
Start importing Assets/Environment/Art/Textures/Grid_01_BaseMap.png using Guid(d1118dda59970a2449ee890fa247c4c5) Importer(815301076,1909f56bfc062723c751e8b465ee728b)  -> (artifact id: '2d78c331b142c733a0a5fda89fd9b900') in 0.036658 seconds 
========================================================================
Received Import Request.
  Time since last request: 0.000044 seconds.
  path: Assets/Environment/Art/Textures/Grid_02_BaseMap.png
  artifactKey: Guid(d9c0dd5cdac07b145be73329e489869a) Importer(815301076,1909f56bfc062723c751e8b465ee728b)
Start importing Assets/Environment/Art/Textures/Grid_02_BaseMap.png using Guid(d9c0dd5cdac07b145be73329e489869a) Importer(815301076,1909f56bfc062723c751e8b465ee728b)  -> (artifact id: '96a03aae57583e40c13bf098f3f9219d') in 0.025721 seconds 
========================================================================
Received Import Request.
  Time since last request: 28.299767 seconds.
  path: Assets/Environment/Prefabs
  artifactKey: Guid(93bb3603ed019014a98e7c62df54135e) Importer(815301076,1909f56bfc062723c751e8b465ee728b)
Start importing Assets/Environment/Prefabs using Guid(93bb3603ed019014a98e7c62df54135e) Importer(815301076,1909f56bfc062723c751e8b465ee728b)  -> (artifact id: '8e2cc05a8c221ede3b5a2de5fdf3304d') in 0.007453 seconds 
========================================================================
Received Import Request.
  Time since last request: 0.028516 seconds.
  path: Assets/Environment/Prefabs/Box_100x100x100_Prefab.prefab
  artifactKey: Guid(e5f4daf24146ee040b5a2d7a73b30aa0) Importer(815301076,1909f56bfc062723c751e8b465ee728b)
Start importing Assets/Environment/Prefabs/Box_100x100x100_Prefab.prefab using Guid(e5f4daf24146ee040b5a2d7a73b30aa0) Importer(815301076,1909f56bfc062723c751e8b465ee728b)  -> (artifact id: '2b95554eb2a9614e503243e17bcf3aed') in 0.046000 seconds 
========================================================================
Received Import Request.
  Time since last request: 0.000045 seconds.
  path: Assets/Environment/Prefabs/Structure_Prefab.prefab
  artifactKey: Guid(79e624e6a8770a946afb866fd94b394b) Importer(815301076,1909f56bfc062723c751e8b465ee728b)
Start importing Assets/Environment/Prefabs/Structure_Prefab.prefab using Guid(79e624e6a8770a946afb866fd94b394b) Importer(815301076,1909f56bfc062723c751e8b465ee728b)  -> (artifact id: '0f15967a7c46283b2e68ef0280c18b74') in 0.042569 seconds 
========================================================================
Received Import Request.
  Time since last request: 0.000039 seconds.
  path: Assets/Environment/Prefabs/Wall_Prefab.prefab
  artifactKey: Guid(9eb847ab97b24024588682c8601254cf) Importer(815301076,1909f56bfc062723c751e8b465ee728b)
Start importing Assets/Environment/Prefabs/Wall_Prefab.prefab using Guid(9eb847ab97b24024588682c8601254cf) Importer(815301076,1909f56bfc062723c751e8b465ee728b)  -> (artifact id: '696163a6793e9387ae30ea04640f613e') in 0.027596 seconds 
========================================================================
Received Import Request.
  Time since last request: 0.000033 seconds.
  path: Assets/Environment/Prefabs/Box_350x250x300_Prefab.prefab
  artifactKey: Guid(687dbafc2b84b2846b9a4a7a7dae2a7e) Importer(815301076,1909f56bfc062723c751e8b465ee728b)
Start importing Assets/Environment/Prefabs/Box_350x250x300_Prefab.prefab using Guid(687dbafc2b84b2846b9a4a7a7dae2a7e) Importer(815301076,1909f56bfc062723c751e8b465ee728b)  -> (artifact id: '76818ed1d3144be2dd18f85f922a86be') in 0.039624 seconds 
========================================================================
Received Import Request.
  Time since last request: 0.000050 seconds.
  path: Assets/Environment/Prefabs/Tunnel_Prefab.prefab
  artifactKey: Guid(e5d7b87d422ee0f478ee09eb32e24f4e) Importer(815301076,1909f56bfc062723c751e8b465ee728b)
Start importing Assets/Environment/Prefabs/Tunnel_Prefab.prefab using Guid(e5d7b87d422ee0f478ee09eb32e24f4e) Importer(815301076,1909f56bfc062723c751e8b465ee728b)  -> (artifact id: '4678ae2a92c64a5da32e8d498a0b4df2') in 0.034032 seconds 
========================================================================
Received Import Request.
  Time since last request: 3.468312 seconds.
  path: Assets/Environment/Shaders
  artifactKey: Guid(df715771dd291574fa9c5e8e988f007e) Importer(815301076,1909f56bfc062723c751e8b465ee728b)
Start importing Assets/Environment/Shaders using Guid(df715771dd291574fa9c5e8e988f007e) Importer(815301076,1909f56bfc062723c751e8b465ee728b)  -> (artifact id: 'bfadabac8f5f751c5bbdd6fd39f744a7') in 0.008585 seconds 
========================================================================
Received Import Request.
  Time since last request: 5.816302 seconds.
  path: Assets/InputSystem
  artifactKey: Guid(48c9acd554a28814b922162e3fa889b0) Importer(815301076,1909f56bfc062723c751e8b465ee728b)
Start importing Assets/InputSystem using Guid(48c9acd554a28814b922162e3fa889b0) Importer(815301076,1909f56bfc062723c751e8b465ee728b)  -> (artifact id: '344c2cb541083c87c91834cee13bab01') in 0.008374 seconds 
========================================================================
Received Import Request.
  Time since last request: 0.027855 seconds.
  path: Assets/InputSystem/StarterAssets.inputactions
  artifactKey: Guid(4419d82f33d36e848b3ed5af4c8da37e) Importer(815301076,1909f56bfc062723c751e8b465ee728b)
Start importing Assets/InputSystem/StarterAssets.inputactions using Guid(4419d82f33d36e848b3ed5af4c8da37e) Importer(815301076,1909f56bfc062723c751e8b465ee728b)  -> (artifact id: 'bc7c97c57e24ef57b84aff14c4df4b9b') in 0.015804 seconds 
========================================================================
Received Import Request.
  Time since last request: 6.717124 seconds.
  path: Assets/Mobile
  artifactKey: Guid(1d9a48e14080daf4794b86b4911eef32) Importer(815301076,1909f56bfc062723c751e8b465ee728b)
Start importing Assets/Mobile using Guid(1d9a48e14080daf4794b86b4911eef32) Importer(815301076,1909f56bfc062723c751e8b465ee728b)  -> (artifact id: 'dcbfdb089dbed60d104aa7d0206692f6') in 0.008063 seconds 
========================================================================
Received Import Request.
  Time since last request: 2.768777 seconds.
  path: Assets/Prefabs
  artifactKey: Guid(3547d539220f51a4599294020a5f42cf) Importer(815301076,1909f56bfc062723c751e8b465ee728b)
Start importing Assets/Prefabs using Guid(3547d539220f51a4599294020a5f42cf) Importer(815301076,1909f56bfc062723c751e8b465ee728b)  -> (artifact id: '8e5cbb4915713211afb8c67c388ddb0b') in 0.007100 seconds 
========================================================================
Received Import Request.
  Time since last request: 0.046070 seconds.
  path: Assets/Prefabs/MainCamera.prefab
  artifactKey: Guid(2d3a85ecde41a8246a79669975912b74) Importer(815301076,1909f56bfc062723c751e8b465ee728b)
Start importing Assets/Prefabs/MainCamera.prefab using Guid(2d3a85ecde41a8246a79669975912b74) Importer(815301076,1909f56bfc062723c751e8b465ee728b)  -> (artifact id: 'd42e381256f1a866c2651b3fc4474e35') in 0.012128 seconds 
========================================================================
Received Import Request.
  Time since last request: 0.000055 seconds.
  path: Assets/Prefabs/PlayerFollowCamera.prefab
  artifactKey: Guid(9c489a8547f4d9e4387da15a4ff82c81) Importer(815301076,1909f56bfc062723c751e8b465ee728b)
Start importing Assets/Prefabs/PlayerFollowCamera.prefab using Guid(9c489a8547f4d9e4387da15a4ff82c81) Importer(815301076,1909f56bfc062723c751e8b465ee728b)  -> (artifact id: 'f63f6ca3b27bf477e4e312a1d6486946') in 0.015998 seconds 
========================================================================
Received Import Request.
  Time since last request: 0.000049 seconds.
  path: Assets/Prefabs/PlayerCapsule.prefab
  artifactKey: Guid(c5efc39a8aaf6e64ea40e9ad573e9b47) Importer(815301076,1909f56bfc062723c751e8b465ee728b)
Start importing Assets/Prefabs/PlayerCapsule.prefab using Guid(c5efc39a8aaf6e64ea40e9ad573e9b47) Importer(815301076,1909f56bfc062723c751e8b465ee728b)  -> (artifact id: '9c77126a1c88ce4be0994ab2f828ca31') in 0.072285 seconds 
========================================================================
Received Import Request.
  Time since last request: 6.896396 seconds.
  path: Assets/Scenes/PlaygroundSettings.lighting
  artifactKey: Guid(027dc98253d80d849acc2271be9bffaf) Importer(815301076,1909f56bfc062723c751e8b465ee728b)
Start importing Assets/Scenes/PlaygroundSettings.lighting using Guid(027dc98253d80d849acc2271be9bffaf) Importer(815301076,1909f56bfc062723c751e8b465ee728b)  -> (artifact id: '84d8fac779e7f98dfcb3c6dbbbc0d530') in 0.010361 seconds 
========================================================================
Received Import Request.
  Time since last request: 2.196693 seconds.
  path: Assets/Scenes/Playground
  artifactKey: Guid(ece444ad7ba310d4c9fa193b1bcfe706) Importer(815301076,1909f56bfc062723c751e8b465ee728b)
Start importing Assets/Scenes/Playground using Guid(ece444ad7ba310d4c9fa193b1bcfe706) Importer(815301076,1909f56bfc062723c751e8b465ee728b)  -> (artifact id: '3c696f2907b9d456bf803bbbf8b8c6a0') in 0.007058 seconds 
========================================================================
Received Import Request.
  Time since last request: 0.030186 seconds.
  path: Assets/Scenes/Playground/ReflectionProbe-0.exr
  artifactKey: Guid(ac547032e7ab2874b8b53ccbfec07526) Importer(815301076,1909f56bfc062723c751e8b465ee728b)
Start importing Assets/Scenes/Playground/ReflectionProbe-0.exr using Guid(ac547032e7ab2874b8b53ccbfec07526) Importer(815301076,1909f56bfc062723c751e8b465ee728b)  -> (artifact id: '3dc294827156f96dccd1cc20198b50b0') in 0.075813 seconds 
========================================================================
Received Import Request.
  Time since last request: 0.000031 seconds.
  path: Assets/Scenes/Playground/ReflectionProbe-2.exr
  artifactKey: Guid(c49ef192a57a5af42a728163b2468c8a) Importer(815301076,1909f56bfc062723c751e8b465ee728b)
Start importing Assets/Scenes/Playground/ReflectionProbe-2.exr using Guid(c49ef192a57a5af42a728163b2468c8a) Importer(815301076,1909f56bfc062723c751e8b465ee728b)  -> (artifact id: 'ba4451a3a70421668967b009193ab2a1') in 0.038374 seconds 
========================================================================
Received Import Request.
  Time since last request: 6.818255 seconds.
  path: Assets/SciFiWarriorPBRHPPolyart
  artifactKey: Guid(f77899d5ec881e341842bedfd66c9090) Importer(815301076,1909f56bfc062723c751e8b465ee728b)
Start importing Assets/SciFiWarriorPBRHPPolyart using Guid(f77899d5ec881e341842bedfd66c9090) Importer(815301076,1909f56bfc062723c751e8b465ee728b)  -> (artifact id: '423effd9c18e48a5e6c0b0c9e2c7c9a3') in 0.009775 seconds 
========================================================================
Received Import Request.
  Time since last request: 0.022164 seconds.
  path: Assets/SciFiWarriorPBRHPPolyart/promotion.jpg
  artifactKey: Guid(e8a466c997566b84c895066dbd56e130) Importer(815301076,1909f56bfc062723c751e8b465ee728b)
Start importing Assets/SciFiWarriorPBRHPPolyart/promotion.jpg using Guid(e8a466c997566b84c895066dbd56e130) Importer(815301076,1909f56bfc062723c751e8b465ee728b)  -> (artifact id: 'f704e3447074c2a77a5a9e347e6367a2') in 0.025926 seconds 
========================================================================
Received Import Request.
  Time since last request: 1.337049 seconds.
  path: Assets/SciFiWarriorPBRHPPolyart/Scene
  artifactKey: Guid(1ff5021c339199449a068e57e6c272c2) Importer(815301076,1909f56bfc062723c751e8b465ee728b)
Start importing Assets/SciFiWarriorPBRHPPolyart/Scene using Guid(1ff5021c339199449a068e57e6c272c2) Importer(815301076,1909f56bfc062723c751e8b465ee728b)  -> (artifact id: '3f850e89f6b8327a3ae369f8beb33d7a') in 0.008746 seconds 
========================================================================
Received Import Request.
  Time since last request: 2.468555 seconds.
  path: Assets/SciFiWarriorPBRHPPolyart/Prefabs
  artifactKey: Guid(d6042bd1068196e4e985966cfa6f0891) Importer(815301076,1909f56bfc062723c751e8b465ee728b)
Start importing Assets/SciFiWarriorPBRHPPolyart/Prefabs using Guid(d6042bd1068196e4e985966cfa6f0891) Importer(815301076,1909f56bfc062723c751e8b465ee728b)  -> (artifact id: '066c3aa0dc039bfb172bf4354866326f') in 0.008480 seconds 
========================================================================
Received Import Request.
  Time since last request: 0.023945 seconds.
  path: Assets/SciFiWarriorPBRHPPolyart/Prefabs/HPCharacter.prefab
  artifactKey: Guid(c98043d57e0190845b790d7b92990bee) Importer(815301076,1909f56bfc062723c751e8b465ee728b)
Start importing Assets/SciFiWarriorPBRHPPolyart/Prefabs/HPCharacter.prefab using Guid(c98043d57e0190845b790d7b92990bee) Importer(815301076,1909f56bfc062723c751e8b465ee728b)  -> (artifact id: 'fddb5706dd193ffb48e226ca3b13b837') in 0.061055 seconds 
========================================================================
Received Import Request.
  Time since last request: 0.000032 seconds.
  path: Assets/SciFiWarriorPBRHPPolyart/Prefabs/PolyartCharacter.prefab
  artifactKey: Guid(910177ec26b76c14996c2d53627a6def) Importer(815301076,1909f56bfc062723c751e8b465ee728b)
Start importing Assets/SciFiWarriorPBRHPPolyart/Prefabs/PolyartCharacter.prefab using Guid(910177ec26b76c14996c2d53627a6def) Importer(815301076,1909f56bfc062723c751e8b465ee728b)  -> (artifact id: '247c243029db92f7a35185eeb0a59231') in 0.050831 seconds 
========================================================================
Received Import Request.
  Time since last request: 31.185655 seconds.
  path: Assets/SciFiWarriorPBRHPPolyart/Mesh
  artifactKey: Guid(45de849c202011f4a9db9703f906f874) Importer(815301076,1909f56bfc062723c751e8b465ee728b)
Start importing Assets/SciFiWarriorPBRHPPolyart/Mesh using Guid(45de849c202011f4a9db9703f906f874) Importer(815301076,1909f56bfc062723c751e8b465ee728b)  -> (artifact id: 'f6a7a26c61c8361c0cbe42129a7a6327') in 0.009480 seconds 
========================================================================
Received Import Request.
  Time since last request: 0.028408 seconds.
  path: Assets/SciFiWarriorPBRHPPolyart/Mesh/PBR_HP_Mesh.fbx
  artifactKey: Guid(5ae220fa0f79ffe41b0102a618febf5a) Importer(815301076,1909f56bfc062723c751e8b465ee728b)
Start importing Assets/SciFiWarriorPBRHPPolyart/Mesh/PBR_HP_Mesh.fbx using Guid(5ae220fa0f79ffe41b0102a618febf5a) Importer(815301076,1909f56bfc062723c751e8b465ee728b)  -> (artifact id: '1637c8c6e1f4f055c71aa836db5536bd') in 0.133615 seconds 
========================================================================
Received Import Request.
  Time since last request: 0.000034 seconds.
  path: Assets/SciFiWarriorPBRHPPolyart/Mesh/Stage.fbx
  artifactKey: Guid(e531111ac2ce99b44812814430f75185) Importer(815301076,1909f56bfc062723c751e8b465ee728b)
Start importing Assets/SciFiWarriorPBRHPPolyart/Mesh/Stage.fbx using Guid(e531111ac2ce99b44812814430f75185) Importer(815301076,1909f56bfc062723c751e8b465ee728b)  -> (artifact id: '963c5c8e9053c4d6c928d46ec9cf81d4') in 0.041674 seconds 
========================================================================
Received Import Request.
  Time since last request: 2.351141 seconds.
  path: Assets/SciFiWarriorPBRHPPolyart/Materials
  artifactKey: Guid(c1db60ad879da434bb5bb32f740d7a4a) Importer(815301076,1909f56bfc062723c751e8b465ee728b)
Start importing Assets/SciFiWarriorPBRHPPolyart/Materials using Guid(c1db60ad879da434bb5bb32f740d7a4a) Importer(815301076,1909f56bfc062723c751e8b465ee728b)  -> (artifact id: '6150cbd10fa02c624202bec7f71d2b37') in 0.006940 seconds 
========================================================================
Received Import Request.
  Time since last request: 0.026414 seconds.
  path: Assets/SciFiWarriorPBRHPPolyart/Materials/HP.mat
  artifactKey: Guid(9d4df993be894774282a0b17d51a0723) Importer(815301076,1909f56bfc062723c751e8b465ee728b)
Start importing Assets/SciFiWarriorPBRHPPolyart/Materials/HP.mat using Guid(9d4df993be894774282a0b17d51a0723) Importer(815301076,1909f56bfc062723c751e8b465ee728b)  -> (artifact id: 'bd2546b92739317d73c8d7a2f8230615') in 0.039135 seconds 
========================================================================
Received Import Request.
  Time since last request: 0.000033 seconds.
  path: Assets/SciFiWarriorPBRHPPolyart/Materials/Polyart.mat
  artifactKey: Guid(78660c09ff101ea4cb77de408a9527da) Importer(815301076,1909f56bfc062723c751e8b465ee728b)
Start importing Assets/SciFiWarriorPBRHPPolyart/Materials/Polyart.mat using Guid(78660c09ff101ea4cb77de408a9527da) Importer(815301076,1909f56bfc062723c751e8b465ee728b)  -> (artifact id: 'f84bc03ae02babeb2cc690742d145b4e') in 0.062690 seconds 
========================================================================
Received Import Request.
  Time since last request: 12.768497 seconds.
  path: Assets/SciFiWarriorPBRHPPolyart/Animations
  artifactKey: Guid(b9a7525684252cf44a06de79640c67a8) Importer(815301076,1909f56bfc062723c751e8b465ee728b)
Start importing Assets/SciFiWarriorPBRHPPolyart/Animations using Guid(b9a7525684252cf44a06de79640c67a8) Importer(815301076,1909f56bfc062723c751e8b465ee728b)  -> (artifact id: 'e1214a1db0dfdfcc13dd186ffd77e9f4') in 0.009483 seconds 
========================================================================
Received Import Request.
  Time since last request: 0.000030 seconds.
  path: Assets/SciFiWarriorPBRHPPolyart/Animations/AvatarMask.mask
  artifactKey: Guid(e0402be4321aa2646a7af179c44591a7) Importer(815301076,1909f56bfc062723c751e8b465ee728b)
Start importing Assets/SciFiWarriorPBRHPPolyart/Animations/AvatarMask.mask using Guid(e0402be4321aa2646a7af179c44591a7) Importer(815301076,1909f56bfc062723c751e8b465ee728b)  -> (artifact id: '086e5bb0254d0336ef0aeb324c975ec6') in 0.011898 seconds 
========================================================================
Received Import Request.
  Time since last request: 0.000040 seconds.
  path: Assets/SciFiWarriorPBRHPPolyart/Animations/Shoot_SingleShot_AR.fbx
  artifactKey: Guid(7e58f38d10fcc9a498d348e7339ce3ec) Importer(815301076,1909f56bfc062723c751e8b465ee728b)
Start importing Assets/SciFiWarriorPBRHPPolyart/Animations/Shoot_SingleShot_AR.fbx using Guid(7e58f38d10fcc9a498d348e7339ce3ec) Importer(815301076,1909f56bfc062723c751e8b465ee728b)  -> (artifact id: 'ab5b7755321ddbb15803228edcbc2077') in 0.189369 seconds 
========================================================================
Received Import Request.
  Time since last request: 0.000031 seconds.
  path: Assets/SciFiWarriorPBRHPPolyart/Animations/WalkLeft_Shoot_ar.fbx
  artifactKey: Guid(34d1b8e01a0412f449dcefc77b05e27b) Importer(815301076,1909f56bfc062723c751e8b465ee728b)
Start importing Assets/SciFiWarriorPBRHPPolyart/Animations/WalkLeft_Shoot_ar.fbx using Guid(34d1b8e01a0412f449dcefc77b05e27b) Importer(815301076,1909f56bfc062723c751e8b465ee728b)  -> (artifact id: 'fc92ea1c7ca3fb6d42bbd2249d466752') in 0.159233 seconds 
========================================================================
Received Import Request.
  Time since last request: 0.000059 seconds.
  path: Assets/SciFiWarriorPBRHPPolyart/Animations/WalkFront_Shoot_ar.fbx
  artifactKey: Guid(e398e3aa9cdfcdc4ebd01a06e4c544ae) Importer(815301076,1909f56bfc062723c751e8b465ee728b)
Start importing Assets/SciFiWarriorPBRHPPolyart/Animations/WalkFront_Shoot_ar.fbx using Guid(e398e3aa9cdfcdc4ebd01a06e4c544ae) Importer(815301076,1909f56bfc062723c751e8b465ee728b)  -> (artifact id: '5debd2274e3a435396e325a1849476d0') in 0.198133 seconds 
========================================================================
Received Import Request.
  Time since last request: 0.000030 seconds.
  path: Assets/SciFiWarriorPBRHPPolyart/Animations/Run_guard_AR.fbx
  artifactKey: Guid(043a0882d93547c4da0104443de76efb) Importer(815301076,1909f56bfc062723c751e8b465ee728b)
Start importing Assets/SciFiWarriorPBRHPPolyart/Animations/Run_guard_AR.fbx using Guid(043a0882d93547c4da0104443de76efb) Importer(815301076,1909f56bfc062723c751e8b465ee728b)  -> (artifact id: 'f1b6e90d9682f492289a9ca64a5545ce') in 0.179898 seconds 
========================================================================
Received Import Request.
  Time since last request: 0.000029 seconds.
  path: Assets/SciFiWarriorPBRHPPolyart/Animations/WalkBack_Shoot_ar.fbx
  artifactKey: Guid(669b29b2139d8de4ca5447dd50e201af) Importer(815301076,1909f56bfc062723c751e8b465ee728b)
Start importing Assets/SciFiWarriorPBRHPPolyart/Animations/WalkBack_Shoot_ar.fbx using Guid(669b29b2139d8de4ca5447dd50e201af) Importer(815301076,1909f56bfc062723c751e8b465ee728b)  -> (artifact id: '7523935dd75f2fb6d834f3843b029d4b') in 0.163605 seconds 
========================================================================
Received Import Request.
  Time since last request: 0.000035 seconds.
  path: Assets/SciFiWarriorPBRHPPolyart/Animations/Jump.fbx
  artifactKey: Guid(c09541f4236345c4fa4e4745793a59f3) Importer(815301076,1909f56bfc062723c751e8b465ee728b)
Start importing Assets/SciFiWarriorPBRHPPolyart/Animations/Jump.fbx using Guid(c09541f4236345c4fa4e4745793a59f3) Importer(815301076,1909f56bfc062723c751e8b465ee728b)  -> (artifact id: 'fb7bcb7b819a4c4ee4d0244329ba385b') in 0.189694 seconds 
========================================================================
Received Import Request.
  Time since last request: 0.000034 seconds.
  path: Assets/SciFiWarriorPBRHPPolyart/Animations/Shoot_BurstShot_AR.fbx
  artifactKey: Guid(9e6c2d8b423b3db4ca189e8497d60f1e) Importer(815301076,1909f56bfc062723c751e8b465ee728b)
Start importing Assets/SciFiWarriorPBRHPPolyart/Animations/Shoot_BurstShot_AR.fbx using Guid(9e6c2d8b423b3db4ca189e8497d60f1e) Importer(815301076,1909f56bfc062723c751e8b465ee728b)  -> (artifact id: '8efbcbaf67e4a0d46043b5579425c789') in 0.176339 seconds 
========================================================================
Received Import Request.
  Time since last request: 0.000051 seconds.
  path: Assets/SciFiWarriorPBRHPPolyart/Animations/Idle_Shoot_ar.fbx
  artifactKey: Guid(1d4365e1541bb6949a273318862b72d3) Importer(815301076,1909f56bfc062723c751e8b465ee728b)
Start importing Assets/SciFiWarriorPBRHPPolyart/Animations/Idle_Shoot_ar.fbx using Guid(1d4365e1541bb6949a273318862b72d3) Importer(815301076,1909f56bfc062723c751e8b465ee728b)  -> (artifact id: '943db88150d5a7fe053fc1b572ef3ca2') in 0.155582 seconds 
========================================================================
Received Import Request.
  Time since last request: 1.532936 seconds.
  path: Assets/SciFiWarriorPBRHPPolyart/Animators
  artifactKey: Guid(639c3ffab364e304e9b93bc7c83f975a) Importer(815301076,1909f56bfc062723c751e8b465ee728b)
Start importing Assets/SciFiWarriorPBRHPPolyart/Animators using Guid(639c3ffab364e304e9b93bc7c83f975a) Importer(815301076,1909f56bfc062723c751e8b465ee728b)  -> (artifact id: 'da0aa6522925bed2a2f01f29e04ef7e6') in 0.008618 seconds 
========================================================================
Received Import Request.
  Time since last request: 12.596991 seconds.
  path: Assets/SciFiWarriorPBRHPPolyart/Textures
  artifactKey: Guid(1aa9125f97440f643a69f4230767f5e7) Importer(815301076,1909f56bfc062723c751e8b465ee728b)
Start importing Assets/SciFiWarriorPBRHPPolyart/Textures using Guid(1aa9125f97440f643a69f4230767f5e7) Importer(815301076,1909f56bfc062723c751e8b465ee728b)  -> (artifact id: 'f3cb9e048548a2ffb3072e1d37d7964f') in 0.007372 seconds 
========================================================================
Received Import Request.
  Time since last request: 0.032170 seconds.
  path: Assets/SciFiWarriorPBRHPPolyart/Textures/HP_Albedo.png
  artifactKey: Guid(20fc9881d38a91b438bec3ae3db922f0) Importer(815301076,1909f56bfc062723c751e8b465ee728b)
Start importing Assets/SciFiWarriorPBRHPPolyart/Textures/HP_Albedo.png using Guid(20fc9881d38a91b438bec3ae3db922f0) Importer(815301076,1909f56bfc062723c751e8b465ee728b)  -> (artifact id: 'd5b44ef80675c136cb737c3295c6a3a2') in 0.026499 seconds 
========================================================================
Received Import Request.
  Time since last request: 0.000026 seconds.
  path: Assets/SciFiWarriorPBRHPPolyart/Textures/Polyart.png
  artifactKey: Guid(6f23319fc780cdc43a22d23a4136c778) Importer(815301076,1909f56bfc062723c751e8b465ee728b)
Start importing Assets/SciFiWarriorPBRHPPolyart/Textures/Polyart.png using Guid(6f23319fc780cdc43a22d23a4136c778) Importer(815301076,1909f56bfc062723c751e8b465ee728b)  -> (artifact id: '39c47d9893268f1c07d112e0b4be2c52') in 0.026533 seconds 
========================================================================
Received Import Request.
  Time since last request: 0.000043 seconds.
  path: Assets/SciFiWarriorPBRHPPolyart/Textures/PBR_Free_NM.png
  artifactKey: Guid(a5798ba7ff8d7984c9b50981d6dd8e6b) Importer(815301076,1909f56bfc062723c751e8b465ee728b)
Start importing Assets/SciFiWarriorPBRHPPolyart/Textures/PBR_Free_NM.png using Guid(a5798ba7ff8d7984c9b50981d6dd8e6b) Importer(815301076,1909f56bfc062723c751e8b465ee728b)  -> (artifact id: 'aaa563bddbfd4f89e5de3b5404cb55b3') in 0.027356 seconds 
========================================================================
Received Import Request.
  Time since last request: 0.000039 seconds.
  path: Assets/SciFiWarriorPBRHPPolyart/Textures/PBR_Free_AO.png
  artifactKey: Guid(e2d3ffb9e0c5b7a4d95d18b01f2c27e1) Importer(815301076,1909f56bfc062723c751e8b465ee728b)
Start importing Assets/SciFiWarriorPBRHPPolyart/Textures/PBR_Free_AO.png using Guid(e2d3ffb9e0c5b7a4d95d18b01f2c27e1) Importer(815301076,1909f56bfc062723c751e8b465ee728b)  -> (artifact id: '908f55d252f0e5d2d16d2a3417b6fc85') in 0.027048 seconds 
========================================================================
Received Prepare
Registering precompiled user dll's ...
Registered in 0.008384 seconds.
Begin MonoManager ReloadAssembly
Native extension for WindowsStandalone target not found
Native extension for WebGL target not found
Refreshing native plugins compatible for Editor in 1.32 ms, found 3 plugins.
Preloading 0 native plugins for Editor in 0.00 ms.
Mono: successfully reloaded assembly
- Completed reload, in  1.832 seconds
Domain Reload Profiling:
	ReloadAssembly (1833ms)
		BeginReloadAssembly (185ms)
			ExecutionOrderSort (0ms)
			DisableScriptedObjects (6ms)
			BackupInstance (0ms)
			ReleaseScriptingObjects (0ms)
			CreateAndSetChildDomain (53ms)
		EndReloadAssembly (1502ms)
			LoadAssemblies (158ms)
			RebuildTransferFunctionScriptingTraits (0ms)
			SetupTypeCache (465ms)
			ReleaseScriptCaches (4ms)
			RebuildScriptCaches (75ms)
			SetupLoadedEditorAssemblies (692ms)
				LogAssemblyErrors (0ms)
				InitializePlatformSupportModulesInManaged (21ms)
				SetLoadedEditorAssemblies (1ms)
				RefreshPlugins (1ms)
				BeforeProcessingInitializeOnLoad (121ms)
				ProcessInitializeOnLoadAttributes (416ms)
				ProcessInitializeOnLoadMethodAttributes (121ms)
				AfterProcessingInitializeOnLoad (11ms)
				EditorAssembliesLoaded (0ms)
			ExecutionOrderSort2 (0ms)
			AwakeInstancesAfterBackupRestoration (18ms)
Platform modules already initialized, skipping
Refreshing native plugins compatible for Editor in 3.43 ms, found 3 plugins.
Preloading 0 native plugins for Editor in 0.00 ms.
Unloading 5559 Unused Serialized files (Serialized files now loaded: 0)
Unloading 42 unused Assets / (1.1 MB). Loaded Objects now: 6218.
Memory consumption went from 236.7 MB to 235.6 MB.
Total: 5.271700 ms (FindLiveObjects: 0.383500 ms CreateObjectMapping: 0.276200 ms MarkObjects: 3.861000 ms  DeleteObjects: 0.749400 ms)

AssetImportParameters requested are different than current active one (requested -> active):
  custom:video-decoder-ogg-theora: a1e56fd34408186e4bbccfd4996cb3dc -> 
  custom:container-muxer-webm: aa71ff27fc2769a1b78a27578f13a17b -> 
  custom:container-demuxer-webm: 4f35f7cbe854078d1ac9338744f61a02 -> 
  custom:video-encoder-webm-vp8: eb34c28f22e8b96e1ab97ce403110664 -> 
  custom:audio-encoder-webm-vorbis: bf7c407c2cedff20999df2af8eb42d56 -> 
  custom:framework-win-MediaFoundation: 216162199b28c13a410421893ffa2e32 -> 
  custom:container-demuxer-ogg: 62fdf1f143b41e24485cea50d1cbac27 -> 
  custom:video-decoder-webm-vp8: 9c59270c3fd7afecdb556c50c9e8de78 -> 
  custom:audio-decoder-ogg-vorbis: bf7c407c2cedff20999df2af8eb42d56 -> 
========================================================================
Received Import Request.
  Time since last request: 42.663756 seconds.
  path: Assets/TutorialInfo
  artifactKey: Guid(b3666c4e28d1eda44b016842185a972b) Importer(815301076,1909f56bfc062723c751e8b465ee728b)
Start importing Assets/TutorialInfo using Guid(b3666c4e28d1eda44b016842185a972b) Importer(815301076,1909f56bfc062723c751e8b465ee728b)  -> (artifact id: '5b71889eb6a134828721b6e2273eae21') in 0.018395 seconds 
========================================================================
Received Import Request.
  Time since last request: 1.454603 seconds.
  path: Assets/TutorialInfo/Icons
  artifactKey: Guid(bf2b09552ecf8f04294975e07f8da67e) Importer(815301076,1909f56bfc062723c751e8b465ee728b)
Start importing Assets/TutorialInfo/Icons using Guid(bf2b09552ecf8f04294975e07f8da67e) Importer(815301076,1909f56bfc062723c751e8b465ee728b)  -> (artifact id: '2b206e876372ee72fd13fec46c1ea530') in 0.007829 seconds 
========================================================================
Received Import Request.
  Time since last request: 0.027428 seconds.
  path: Assets/TutorialInfo/Icons/ReadMeImg.PNG
  artifactKey: Guid(44a17a5b205fcd349a24700e6f5615bd) Importer(815301076,1909f56bfc062723c751e8b465ee728b)
Start importing Assets/TutorialInfo/Icons/ReadMeImg.PNG using Guid(44a17a5b205fcd349a24700e6f5615bd) Importer(815301076,1909f56bfc062723c751e8b465ee728b)  -> (artifact id: '5db3931c52b6cff5656495adca0545f3') in 0.049454 seconds 
========================================================================
Received Import Request.
  Time since last request: 3.485860 seconds.
  path: Assets/TutorialInfo/Scripts
  artifactKey: Guid(e507981323538734da654b4e486dd98e) Importer(815301076,1909f56bfc062723c751e8b465ee728b)
Start importing Assets/TutorialInfo/Scripts using Guid(e507981323538734da654b4e486dd98e) Importer(815301076,1909f56bfc062723c751e8b465ee728b)  -> (artifact id: '901ef4c25bdf60212540b894c07c26ce') in 0.007728 seconds 
========================================================================
Received Import Request.
  Time since last request: 1.546648 seconds.
  path: Assets/TutorialInfo/Scripts/Editor
  artifactKey: Guid(1b497d3b7ac964841b8eabe840feba1d) Importer(815301076,1909f56bfc062723c751e8b465ee728b)
Start importing Assets/TutorialInfo/Scripts/Editor using Guid(1b497d3b7ac964841b8eabe840feba1d) Importer(815301076,1909f56bfc062723c751e8b465ee728b)  -> (artifact id: '8f8a661340f1a99a148c4115883db579') in 0.009790 seconds 
========================================================================
Received Prepare
Registering precompiled user dll's ...
Registered in 0.012018 seconds.
Begin MonoManager ReloadAssembly
Native extension for WindowsStandalone target not found
Native extension for WebGL target not found
Refreshing native plugins compatible for Editor in 0.94 ms, found 3 plugins.
Preloading 0 native plugins for Editor in 0.00 ms.
Mono: successfully reloaded assembly
- Completed reload, in  1.331 seconds
Domain Reload Profiling:
	ReloadAssembly (1332ms)
		BeginReloadAssembly (166ms)
			ExecutionOrderSort (0ms)
			DisableScriptedObjects (4ms)
			BackupInstance (0ms)
			ReleaseScriptingObjects (0ms)
			CreateAndSetChildDomain (48ms)
		EndReloadAssembly (1042ms)
			LoadAssemblies (114ms)
			RebuildTransferFunctionScriptingTraits (0ms)
			SetupTypeCache (304ms)
			ReleaseScriptCaches (2ms)
			RebuildScriptCaches (43ms)
			SetupLoadedEditorAssemblies (523ms)
				LogAssemblyErrors (0ms)
				InitializePlatformSupportModulesInManaged (15ms)
				SetLoadedEditorAssemblies (1ms)
				RefreshPlugins (1ms)
				BeforeProcessingInitializeOnLoad (85ms)
				ProcessInitializeOnLoadAttributes (309ms)
				ProcessInitializeOnLoadMethodAttributes (104ms)
				AfterProcessingInitializeOnLoad (8ms)
				EditorAssembliesLoaded (0ms)
			ExecutionOrderSort2 (0ms)
			AwakeInstancesAfterBackupRestoration (13ms)
Platform modules already initialized, skipping
Refreshing native plugins compatible for Editor in 3.05 ms, found 3 plugins.
Preloading 0 native plugins for Editor in 0.00 ms.
Unloading 5556 Unused Serialized files (Serialized files now loaded: 0)
Unloading 43 unused Assets / (1.1 MB). Loaded Objects now: 6232.
Memory consumption went from 236.5 MB to 235.4 MB.
Total: 5.890600 ms (FindLiveObjects: 0.544500 ms CreateObjectMapping: 0.337500 ms MarkObjects: 4.537000 ms  DeleteObjects: 0.470600 ms)

AssetImportParameters requested are different than current active one (requested -> active):
  custom:video-decoder-ogg-theora: a1e56fd34408186e4bbccfd4996cb3dc -> 
  custom:container-muxer-webm: aa71ff27fc2769a1b78a27578f13a17b -> 
  custom:container-demuxer-webm: 4f35f7cbe854078d1ac9338744f61a02 -> 
  custom:video-encoder-webm-vp8: eb34c28f22e8b96e1ab97ce403110664 -> 
  custom:audio-encoder-webm-vorbis: bf7c407c2cedff20999df2af8eb42d56 -> 
  custom:framework-win-MediaFoundation: 216162199b28c13a410421893ffa2e32 -> 
  custom:container-demuxer-ogg: 62fdf1f143b41e24485cea50d1cbac27 -> 
  custom:video-decoder-webm-vp8: 9c59270c3fd7afecdb556c50c9e8de78 -> 
  custom:audio-decoder-ogg-vorbis: bf7c407c2cedff20999df2af8eb42d56 -> 
========================================================================
Received Import Request.
  Time since last request: 25.036553 seconds.
  path: Assets/StarterAssets_Documentation.pdf
  artifactKey: Guid(1030fbd7379311b47bf5b1178c1c7a26) Importer(815301076,1909f56bfc062723c751e8b465ee728b)
Start importing Assets/StarterAssets_Documentation.pdf using Guid(1030fbd7379311b47bf5b1178c1c7a26) Importer(815301076,1909f56bfc062723c751e8b465ee728b)  -> (artifact id: '03bed8dfb74c6b63c2421d0984071458') in 0.031615 seconds 
========================================================================
Received Prepare
Registering precompiled user dll's ...
Registered in 0.009463 seconds.
Begin MonoManager ReloadAssembly
Native extension for WindowsStandalone target not found
Native extension for WebGL target not found
Refreshing native plugins compatible for Editor in 1.42 ms, found 3 plugins.
Preloading 0 native plugins for Editor in 0.00 ms.
Mono: successfully reloaded assembly
- Completed reload, in  1.841 seconds
Domain Reload Profiling:
	ReloadAssembly (1842ms)
		BeginReloadAssembly (213ms)
			ExecutionOrderSort (0ms)
			DisableScriptedObjects (5ms)
			BackupInstance (0ms)
			ReleaseScriptingObjects (0ms)
			CreateAndSetChildDomain (60ms)
		EndReloadAssembly (1469ms)
			LoadAssemblies (167ms)
			RebuildTransferFunctionScriptingTraits (0ms)
			SetupTypeCache (458ms)
			ReleaseScriptCaches (4ms)
			RebuildScriptCaches (68ms)
			SetupLoadedEditorAssemblies (678ms)
				LogAssemblyErrors (0ms)
				InitializePlatformSupportModulesInManaged (21ms)
				SetLoadedEditorAssemblies (1ms)
				RefreshPlugins (2ms)
				BeforeProcessingInitializeOnLoad (116ms)
				ProcessInitializeOnLoadAttributes (411ms)
				ProcessInitializeOnLoadMethodAttributes (113ms)
				AfterProcessingInitializeOnLoad (13ms)
				EditorAssembliesLoaded (1ms)
			ExecutionOrderSort2 (0ms)
			AwakeInstancesAfterBackupRestoration (18ms)
Platform modules already initialized, skipping
Refreshing native plugins compatible for Editor in 4.22 ms, found 3 plugins.
Preloading 0 native plugins for Editor in 0.00 ms.
Unloading 5556 Unused Serialized files (Serialized files now loaded: 0)
Unloading 42 unused Assets / (1.1 MB). Loaded Objects now: 6247.
Memory consumption went from 236.5 MB to 235.4 MB.
Total: 4.494900 ms (FindLiveObjects: 0.363900 ms CreateObjectMapping: 0.202800 ms MarkObjects: 3.499500 ms  DeleteObjects: 0.427500 ms)

AssetImportParameters requested are different than current active one (requested -> active):
  custom:video-decoder-ogg-theora: a1e56fd34408186e4bbccfd4996cb3dc -> 
  custom:container-muxer-webm: aa71ff27fc2769a1b78a27578f13a17b -> 
  custom:container-demuxer-webm: 4f35f7cbe854078d1ac9338744f61a02 -> 
  custom:video-encoder-webm-vp8: eb34c28f22e8b96e1ab97ce403110664 -> 
  custom:audio-encoder-webm-vorbis: bf7c407c2cedff20999df2af8eb42d56 -> 
  custom:framework-win-MediaFoundation: 216162199b28c13a410421893ffa2e32 -> 
  custom:container-demuxer-ogg: 62fdf1f143b41e24485cea50d1cbac27 -> 
  custom:video-decoder-webm-vp8: 9c59270c3fd7afecdb556c50c9e8de78 -> 
  custom:audio-decoder-ogg-vorbis: bf7c407c2cedff20999df2af8eb42d56 -> 
========================================================================
Received Prepare
Switching render pipeline 5cd87e31ca5c78642875e9fb41e9d7e1 -> 00000000000000000000000000000000
Refreshing native plugins compatible for Editor in 9.69 ms, found 3 plugins.
Preloading 0 native plugins for Editor in 0.00 ms.
Unloading 42 Unused Serialized files (Serialized files now loaded: 0)
Unloading 90 unused Assets / (1.1 MB). Loaded Objects now: 6199.
Memory consumption went from 124.4 MB to 123.3 MB.
Total: 8.459700 ms (FindLiveObjects: 0.588000 ms CreateObjectMapping: 0.797600 ms MarkObjects: 5.129600 ms  DeleteObjects: 1.942900 ms)

AssetImportParameters requested are different than current active one (requested -> active):
  custom:video-decoder-ogg-theora: a1e56fd34408186e4bbccfd4996cb3dc -> 
  custom:container-muxer-webm: aa71ff27fc2769a1b78a27578f13a17b -> 
  custom:container-demuxer-webm: 4f35f7cbe854078d1ac9338744f61a02 -> 
  custom:video-encoder-webm-vp8: eb34c28f22e8b96e1ab97ce403110664 -> 
  custom:audio-encoder-webm-vorbis: bf7c407c2cedff20999df2af8eb42d56 -> 
  custom:framework-win-MediaFoundation: 216162199b28c13a410421893ffa2e32 -> 
  custom:container-demuxer-ogg: 62fdf1f143b41e24485cea50d1cbac27 -> 
  custom:video-decoder-webm-vp8: 9c59270c3fd7afecdb556c50c9e8de78 -> 
  custom:audio-decoder-ogg-vorbis: bf7c407c2cedff20999df2af8eb42d56 -> 
========================================================================
Received Import Request.
  Time since last request: 383.631269 seconds.
  path: Assets/UniversalRenderPipelineGlobalSettings.asset
  artifactKey: Guid(f809b375a80030f41872f7a74e187193) Importer(815301076,1909f56bfc062723c751e8b465ee728b)
Start importing Assets/UniversalRenderPipelineGlobalSettings.asset using Guid(f809b375a80030f41872f7a74e187193) Importer(815301076,1909f56bfc062723c751e8b465ee728b)  -> (artifact id: '791f923f90dd5acc28f044673bd4e4ee') in 0.020184 seconds 
========================================================================
Received Import Request.
  Time since last request: 20.098337 seconds.
  path: Assets/Scripts
  artifactKey: Guid(d945aebbdf256954aadf016c19fcea09) Importer(815301076,1909f56bfc062723c751e8b465ee728b)
Start importing Assets/Scripts using Guid(d945aebbdf256954aadf016c19fcea09) Importer(815301076,1909f56bfc062723c751e8b465ee728b)  -> (artifact id: '0bcf0144cfebfac7d3bc7b41f3d29a9c') in 0.007958 seconds 
========================================================================
Received Import Request.
  Time since last request: 1.889121 seconds.
  path: Assets/Scripts/BasicRigidBodyPush.cs
  artifactKey: Guid(909d917d73a63f940ac158d02e936645) Importer(815301076,1909f56bfc062723c751e8b465ee728b)
Start importing Assets/Scripts/BasicRigidBodyPush.cs using Guid(909d917d73a63f940ac158d02e936645) Importer(815301076,1909f56bfc062723c751e8b465ee728b)  -> (artifact id: '4eda34bd1d498789d94ebdb933299637') in 0.025155 seconds 
========================================================================
Received Import Request.
  Time since last request: 7.229817 seconds.
  path: Assets/Scenes/Playground/ReflectionProbe-0.exr
  artifactKey: Guid(ac547032e7ab2874b8b53ccbfec07526) Importer(815301076,1909f56bfc062723c751e8b465ee728b)
Start importing Assets/Scenes/Playground/ReflectionProbe-0.exr using Guid(ac547032e7ab2874b8b53ccbfec07526) Importer(815301076,1909f56bfc062723c751e8b465ee728b)  -> (artifact id: '4cb4fc7e8e476338559c580c0c0e482d') in 0.078679 seconds 
========================================================================
Received Import Request.
  Time since last request: 12.113662 seconds.
  path: Assets/Environment/Art/Materials/Blue_Mat.mat
  artifactKey: Guid(979aef027a1c86c42a15ce35fce366fa) Importer(815301076,1909f56bfc062723c751e8b465ee728b)
Start importing Assets/Environment/Art/Materials/Blue_Mat.mat using Guid(979aef027a1c86c42a15ce35fce366fa) Importer(815301076,1909f56bfc062723c751e8b465ee728b)  -> (artifact id: '407931f35a6264bc71618d639799c207') in 0.046746 seconds 
========================================================================
Received Import Request.
  Time since last request: 0.000039 seconds.
  path: Assets/Environment/Art/Materials/GridOrange_01_Mat.mat
  artifactKey: Guid(7ab977a21c92388468ee65ad1c0e5a78) Importer(815301076,1909f56bfc062723c751e8b465ee728b)
Start importing Assets/Environment/Art/Materials/GridOrange_01_Mat.mat using Guid(7ab977a21c92388468ee65ad1c0e5a78) Importer(815301076,1909f56bfc062723c751e8b465ee728b)  -> (artifact id: '1b64f4668a3dcae7122cb92d0ce33f00') in 0.035164 seconds 
========================================================================
Received Import Request.
  Time since last request: 0.000047 seconds.
  path: Assets/Environment/Art/Materials/ShaderGraphGrid_01_Mat.mat
  artifactKey: Guid(4589b87b8508f6e48b8fddb385924b16) Importer(815301076,1909f56bfc062723c751e8b465ee728b)
Start importing Assets/Environment/Art/Materials/ShaderGraphGrid_01_Mat.mat using Guid(4589b87b8508f6e48b8fddb385924b16) Importer(815301076,1909f56bfc062723c751e8b465ee728b)  -> (artifact id: '08b331962b4f21f833ca5848d150d20d') in 0.056264 seconds 
========================================================================
Received Import Request.
  Time since last request: 15.005043 seconds.
  path: Assets/Environment/Art/Skybox/SkyboxLite.mat
  artifactKey: Guid(f6c51332ac7d92541a38fb263b09d2a8) Importer(815301076,1909f56bfc062723c751e8b465ee728b)
Start importing Assets/Environment/Art/Skybox/SkyboxLite.mat using Guid(f6c51332ac7d92541a38fb263b09d2a8) Importer(815301076,1909f56bfc062723c751e8b465ee728b)  -> (artifact id: '98df748708dfdda234d3883f5549ddcd') in 0.021255 seconds 
========================================================================
Received Import Request.
  Time since last request: 2.675203 seconds.
  path: Assets/Environment/Art/Models/Box_350x250x200_Mesh.fbx
  artifactKey: Guid(c6a55ba99e9e99d41b7eef123e311a43) Importer(815301076,1909f56bfc062723c751e8b465ee728b)
Start importing Assets/Environment/Art/Models/Box_350x250x200_Mesh.fbx using Guid(c6a55ba99e9e99d41b7eef123e311a43) Importer(815301076,1909f56bfc062723c751e8b465ee728b)  -> (artifact id: '17cf99449b736e79bf4359ce7ab4a0ff') in 0.077259 seconds 
========================================================================
Received Import Request.
  Time since last request: 0.000031 seconds.
  path: Assets/Environment/Art/Models/Wall_Mesh.fbx
  artifactKey: Guid(ff02a0a00ab750f48b09459b1cafd1b8) Importer(815301076,1909f56bfc062723c751e8b465ee728b)
Start importing Assets/Environment/Art/Models/Wall_Mesh.fbx using Guid(ff02a0a00ab750f48b09459b1cafd1b8) Importer(815301076,1909f56bfc062723c751e8b465ee728b)  -> (artifact id: '3e0ddb18690bdbb3dcc05b3d9bc99d20') in 0.067973 seconds 
========================================================================
Received Import Request.
  Time since last request: 0.000036 seconds.
  path: Assets/Environment/Art/Models/Ramp_Mesh.fbx
  artifactKey: Guid(426a2785f8a940049aac2c246661cf09) Importer(815301076,1909f56bfc062723c751e8b465ee728b)
Start importing Assets/Environment/Art/Models/Ramp_Mesh.fbx using Guid(426a2785f8a940049aac2c246661cf09) Importer(815301076,1909f56bfc062723c751e8b465ee728b)  -> (artifact id: 'f5c080c71d415e9d7599c3af71e2dafb') in 0.052852 seconds 
========================================================================
Received Import Request.
  Time since last request: 0.000068 seconds.
  path: Assets/Environment/Art/Models/Stairs_200x100x200_Mesh.fbx
  artifactKey: Guid(fce3bf5a5b603db45ab0048fb6ab44df) Importer(815301076,1909f56bfc062723c751e8b465ee728b)
Start importing Assets/Environment/Art/Models/Stairs_200x100x200_Mesh.fbx using Guid(fce3bf5a5b603db45ab0048fb6ab44df) Importer(815301076,1909f56bfc062723c751e8b465ee728b)  -> (artifact id: '1dfa6ed2e6d5ad33365161fef04a5d8c') in 0.084056 seconds 
========================================================================
Received Import Request.
  Time since last request: 0.000037 seconds.
  path: Assets/Environment/Art/Models/Structure_Mesh.fbx
  artifactKey: Guid(d0a9bfb4b5f28174884e89dd76563ae8) Importer(815301076,1909f56bfc062723c751e8b465ee728b)
Start importing Assets/Environment/Art/Models/Structure_Mesh.fbx using Guid(d0a9bfb4b5f28174884e89dd76563ae8) Importer(815301076,1909f56bfc062723c751e8b465ee728b)  -> (artifact id: 'af36e10a10afa9a48a7973d68e760eab') in 0.055603 seconds 
========================================================================
Received Import Request.
  Time since last request: 8.584297 seconds.
  path: Assets/Environment/Art/Textures/Grid_01_BaseMap.png
  artifactKey: Guid(d1118dda59970a2449ee890fa247c4c5) Importer(815301076,1909f56bfc062723c751e8b465ee728b)
Start importing Assets/Environment/Art/Textures/Grid_01_BaseMap.png using Guid(d1118dda59970a2449ee890fa247c4c5) Importer(815301076,1909f56bfc062723c751e8b465ee728b)  -> (artifact id: '589bf58f2772dbca8b0c6a9332e29933') in 0.020929 seconds 
========================================================================
Received Import Request.
  Time since last request: 0.000030 seconds.
  path: Assets/Environment/Art/Textures/Grid_01_Normal.png
  artifactKey: Guid(c5c221ed57a3bf6488f8eba0db28a004) Importer(815301076,1909f56bfc062723c751e8b465ee728b)
Start importing Assets/Environment/Art/Textures/Grid_01_Normal.png using Guid(c5c221ed57a3bf6488f8eba0db28a004) Importer(815301076,1909f56bfc062723c751e8b465ee728b)  -> (artifact id: '0ce3e8e345ba268730341f67c4817df3') in 0.022655 seconds 
========================================================================
Received Import Request.
  Time since last request: 7.788986 seconds.
  path: Assets/Environment/Prefabs/Box_100x100x100_Prefab.prefab
  artifactKey: Guid(e5f4daf24146ee040b5a2d7a73b30aa0) Importer(815301076,1909f56bfc062723c751e8b465ee728b)
Start importing Assets/Environment/Prefabs/Box_100x100x100_Prefab.prefab using Guid(e5f4daf24146ee040b5a2d7a73b30aa0) Importer(815301076,1909f56bfc062723c751e8b465ee728b)  -> (artifact id: '3399eb2a6252025039f6eb9a31a46654') in 0.021221 seconds 
========================================================================
Received Import Request.
  Time since last request: 0.000029 seconds.
  path: Assets/Environment/Prefabs/Environment_Prefab.prefab
  artifactKey: Guid(09aade0ecefd01e4b8f7661acf64f5c2) Importer(815301076,1909f56bfc062723c751e8b465ee728b)
Start importing Assets/Environment/Prefabs/Environment_Prefab.prefab using Guid(09aade0ecefd01e4b8f7661acf64f5c2) Importer(815301076,1909f56bfc062723c751e8b465ee728b)  -> (artifact id: '82cb399afe46868d33d9fb14a1c933c0') in 0.037966 seconds 
========================================================================
Received Import Request.
  Time since last request: 0.000040 seconds.
  path: Assets/Environment/Prefabs/Wall_Prefab.prefab
  artifactKey: Guid(9eb847ab97b24024588682c8601254cf) Importer(815301076,1909f56bfc062723c751e8b465ee728b)
Start importing Assets/Environment/Prefabs/Wall_Prefab.prefab using Guid(9eb847ab97b24024588682c8601254cf) Importer(815301076,1909f56bfc062723c751e8b465ee728b)  -> (artifact id: '3c0837697e700b6b1184cfa9b454ff59') in 0.025860 seconds 
========================================================================
Received Import Request.
  Time since last request: 0.000041 seconds.
  path: Assets/Environment/Prefabs/Box_350x250x300_Prefab.prefab
  artifactKey: Guid(687dbafc2b84b2846b9a4a7a7dae2a7e) Importer(815301076,1909f56bfc062723c751e8b465ee728b)
Start importing Assets/Environment/Prefabs/Box_350x250x300_Prefab.prefab using Guid(687dbafc2b84b2846b9a4a7a7dae2a7e) Importer(815301076,1909f56bfc062723c751e8b465ee728b)  -> (artifact id: '706c77d3c2846c90010b89914ae67e07') in 0.023327 seconds 
========================================================================
Received Import Request.
  Time since last request: 0.000029 seconds.
  path: Assets/Environment/Prefabs/Ramp_Prefab.prefab
  artifactKey: Guid(8a7437817844dce4894b049de73b75f2) Importer(815301076,1909f56bfc062723c751e8b465ee728b)
Start importing Assets/Environment/Prefabs/Ramp_Prefab.prefab using Guid(8a7437817844dce4894b049de73b75f2) Importer(815301076,1909f56bfc062723c751e8b465ee728b)  -> (artifact id: 'd85eb085ea93f1a238fae1b350d49d03') in 0.020465 seconds 
========================================================================
Received Import Request.
  Time since last request: 16.089261 seconds.
  path: Assets/Prefabs/MainCamera.prefab
  artifactKey: Guid(2d3a85ecde41a8246a79669975912b74) Importer(815301076,1909f56bfc062723c751e8b465ee728b)
Start importing Assets/Prefabs/MainCamera.prefab using Guid(2d3a85ecde41a8246a79669975912b74) Importer(815301076,1909f56bfc062723c751e8b465ee728b)  -> (artifact id: '9d30e8608d8176ab7b76caf9e7dd851c') in 0.015694 seconds 
========================================================================
Received Import Request.
  Time since last request: 0.000029 seconds.
  path: Assets/Prefabs/PlayerFollowCamera.prefab
  artifactKey: Guid(9c489a8547f4d9e4387da15a4ff82c81) Importer(815301076,1909f56bfc062723c751e8b465ee728b)
Start importing Assets/Prefabs/PlayerFollowCamera.prefab using Guid(9c489a8547f4d9e4387da15a4ff82c81) Importer(815301076,1909f56bfc062723c751e8b465ee728b)  -> (artifact id: '5892991364cd23da57bb6bfa6e61f753') in 0.016670 seconds 
========================================================================
Received Import Request.
  Time since last request: 0.000032 seconds.
  path: Assets/Prefabs/PlayerCapsule.prefab
  artifactKey: Guid(c5efc39a8aaf6e64ea40e9ad573e9b47) Importer(815301076,1909f56bfc062723c751e8b465ee728b)
Start importing Assets/Prefabs/PlayerCapsule.prefab using Guid(c5efc39a8aaf6e64ea40e9ad573e9b47) Importer(815301076,1909f56bfc062723c751e8b465ee728b)  -> (artifact id: 'a4696d8b1d7bb5899244ce5c30c2eb04') in 0.053400 seconds 
========================================================================
Received Import Request.
  Time since last request: 5.910241 seconds.
  path: Assets/InputSystem/StarterAssets.inputactions
  artifactKey: Guid(4419d82f33d36e848b3ed5af4c8da37e) Importer(815301076,1909f56bfc062723c751e8b465ee728b)
Start importing Assets/InputSystem/StarterAssets.inputactions using Guid(4419d82f33d36e848b3ed5af4c8da37e) Importer(815301076,1909f56bfc062723c751e8b465ee728b)  -> (artifact id: 'd678195a9f2b7229dc716827a905aa84') in 0.011535 seconds 
========================================================================
Received Prepare
Registering precompiled user dll's ...
Registered in 0.012347 seconds.
Begin MonoManager ReloadAssembly
Native extension for WindowsStandalone target not found
Native extension for WebGL target not found
Refreshing native plugins compatible for Editor in 1.20 ms, found 3 plugins.
Preloading 0 native plugins for Editor in 0.00 ms.
Mono: successfully reloaded assembly
- Completed reload, in  1.899 seconds
Domain Reload Profiling:
	ReloadAssembly (1900ms)
		BeginReloadAssembly (156ms)
			ExecutionOrderSort (0ms)
			DisableScriptedObjects (3ms)
			BackupInstance (0ms)
			ReleaseScriptingObjects (0ms)
			CreateAndSetChildDomain (47ms)
		EndReloadAssembly (1625ms)
			LoadAssemblies (124ms)
			RebuildTransferFunctionScriptingTraits (0ms)
			SetupTypeCache (511ms)
			ReleaseScriptCaches (3ms)
			RebuildScriptCaches (82ms)
			SetupLoadedEditorAssemblies (761ms)
				LogAssemblyErrors (0ms)
				InitializePlatformSupportModulesInManaged (24ms)
				SetLoadedEditorAssemblies (1ms)
				RefreshPlugins (1ms)
				BeforeProcessingInitializeOnLoad (137ms)
				ProcessInitializeOnLoadAttributes (455ms)
				ProcessInitializeOnLoadMethodAttributes (129ms)
				AfterProcessingInitializeOnLoad (13ms)
				EditorAssembliesLoaded (0ms)
			ExecutionOrderSort2 (0ms)
			AwakeInstancesAfterBackupRestoration (17ms)
Platform modules already initialized, skipping
Refreshing native plugins compatible for Editor in 3.73 ms, found 3 plugins.
Preloading 0 native plugins for Editor in 0.00 ms.
Unloading 5556 Unused Serialized files (Serialized files now loaded: 0)
Unloading 42 unused Assets / (1.2 MB). Loaded Objects now: 6216.
Memory consumption went from 233.7 MB to 232.5 MB.
Total: 5.545800 ms (FindLiveObjects: 0.529100 ms CreateObjectMapping: 0.288700 ms MarkObjects: 3.742400 ms  DeleteObjects: 0.984300 ms)

AssetImportParameters requested are different than current active one (requested -> active):
  custom:video-decoder-ogg-theora: a1e56fd34408186e4bbccfd4996cb3dc -> 
  custom:container-muxer-webm: aa71ff27fc2769a1b78a27578f13a17b -> 
  custom:container-demuxer-webm: 4f35f7cbe854078d1ac9338744f61a02 -> 
  custom:video-encoder-webm-vp8: eb34c28f22e8b96e1ab97ce403110664 -> 
  custom:audio-encoder-webm-vorbis: bf7c407c2cedff20999df2af8eb42d56 -> 
  custom:framework-win-MediaFoundation: 216162199b28c13a410421893ffa2e32 -> 
  custom:container-demuxer-ogg: 62fdf1f143b41e24485cea50d1cbac27 -> 
  custom:video-decoder-webm-vp8: 9c59270c3fd7afecdb556c50c9e8de78 -> 
  custom:audio-decoder-ogg-vorbis: bf7c407c2cedff20999df2af8eb42d56 -> 
========================================================================
Received Prepare
Registering precompiled user dll's ...
Registered in 0.022548 seconds.
Begin MonoManager ReloadAssembly
Native extension for WindowsStandalone target not found
Native extension for WebGL target not found
Refreshing native plugins compatible for Editor in 1.44 ms, found 3 plugins.
Preloading 0 native plugins for Editor in 0.00 ms.
Mono: successfully reloaded assembly
- Completed reload, in  1.811 seconds
Domain Reload Profiling:
	ReloadAssembly (1812ms)
		BeginReloadAssembly (212ms)
			ExecutionOrderSort (0ms)
			DisableScriptedObjects (7ms)
			BackupInstance (0ms)
			ReleaseScriptingObjects (0ms)
			CreateAndSetChildDomain (66ms)
		EndReloadAssembly (1448ms)
			LoadAssemblies (149ms)
			RebuildTransferFunctionScriptingTraits (0ms)
			SetupTypeCache (427ms)
			ReleaseScriptCaches (4ms)
			RebuildScriptCaches (71ms)
			SetupLoadedEditorAssemblies (700ms)
				LogAssemblyErrors (0ms)
				InitializePlatformSupportModulesInManaged (20ms)
				SetLoadedEditorAssemblies (1ms)
				RefreshPlugins (2ms)
				BeforeProcessingInitializeOnLoad (124ms)
				ProcessInitializeOnLoadAttributes (421ms)
				ProcessInitializeOnLoadMethodAttributes (119ms)
				AfterProcessingInitializeOnLoad (13ms)
				EditorAssembliesLoaded (0ms)
			ExecutionOrderSort2 (0ms)
			AwakeInstancesAfterBackupRestoration (17ms)
Platform modules already initialized, skipping
Refreshing native plugins compatible for Editor in 2.37 ms, found 3 plugins.
Preloading 0 native plugins for Editor in 0.00 ms.
Unloading 5556 Unused Serialized files (Serialized files now loaded: 0)
Unloading 42 unused Assets / (1.2 MB). Loaded Objects now: 6231.
Memory consumption went from 233.7 MB to 232.5 MB.
Total: 3.710100 ms (FindLiveObjects: 0.374700 ms CreateObjectMapping: 0.215100 ms MarkObjects: 2.686000 ms  DeleteObjects: 0.433200 ms)

AssetImportParameters requested are different than current active one (requested -> active):
  custom:video-decoder-ogg-theora: a1e56fd34408186e4bbccfd4996cb3dc -> 
  custom:container-muxer-webm: aa71ff27fc2769a1b78a27578f13a17b -> 
  custom:container-demuxer-webm: 4f35f7cbe854078d1ac9338744f61a02 -> 
  custom:video-encoder-webm-vp8: eb34c28f22e8b96e1ab97ce403110664 -> 
  custom:audio-encoder-webm-vorbis: bf7c407c2cedff20999df2af8eb42d56 -> 
  custom:framework-win-MediaFoundation: 216162199b28c13a410421893ffa2e32 -> 
  custom:container-demuxer-ogg: 62fdf1f143b41e24485cea50d1cbac27 -> 
  custom:video-decoder-webm-vp8: 9c59270c3fd7afecdb556c50c9e8de78 -> 
  custom:audio-decoder-ogg-vorbis: bf7c407c2cedff20999df2af8eb42d56 -> 
========================================================================
Received Import Request.
  Time since last request: 780.485516 seconds.
  path: Assets/Mobile/Prefabs
  artifactKey: Guid(49852dd85b2de7b4997a61317937f2e1) Importer(815301076,1909f56bfc062723c751e8b465ee728b)
Start importing Assets/Mobile/Prefabs using Guid(49852dd85b2de7b4997a61317937f2e1) Importer(815301076,1909f56bfc062723c751e8b465ee728b)  -> (artifact id: '577e8945a0a443bb7ac6a9a9d6359ac9') in 0.015547 seconds 
========================================================================
Received Import Request.
  Time since last request: 0.987431 seconds.
  path: Assets/Mobile/Prefabs/CanvasInputs
  artifactKey: Guid(6ac91ba6d254abc4c98c1a8868673b28) Importer(815301076,1909f56bfc062723c751e8b465ee728b)
Start importing Assets/Mobile/Prefabs/CanvasInputs using Guid(6ac91ba6d254abc4c98c1a8868673b28) Importer(815301076,1909f56bfc062723c751e8b465ee728b)  -> (artifact id: '881c02c789d5248ad949ce12e42f935d') in 0.006836 seconds 
========================================================================
Received Import Request.
  Time since last request: 0.114436 seconds.
  path: Assets/Mobile/Prefabs/CanvasInputs/UI_Canvas_StarterAssetsInputs_Joysticks.prefab
  artifactKey: Guid(2f7f3dde7ae722a4aafffe20691ad702) Importer(815301076,1909f56bfc062723c751e8b465ee728b)
Start importing Assets/Mobile/Prefabs/CanvasInputs/UI_Canvas_StarterAssetsInputs_Joysticks.prefab using Guid(2f7f3dde7ae722a4aafffe20691ad702) Importer(815301076,1909f56bfc062723c751e8b465ee728b)  -> (artifact id: '533951ddc705f706db8c5ec80d5aa104') in 0.035521 seconds 
========================================================================
Received Import Request.
  Time since last request: 4.221046 seconds.
  path: Assets/Mobile/Scripts
  artifactKey: Guid(7b0e507958fc3a940b3afabb02fdb2cc) Importer(815301076,1909f56bfc062723c751e8b465ee728b)
Start importing Assets/Mobile/Scripts using Guid(7b0e507958fc3a940b3afabb02fdb2cc) Importer(815301076,1909f56bfc062723c751e8b465ee728b)  -> (artifact id: 'a98ab6be904ca0bf4fabe0aa7669393f') in 0.004854 seconds 
========================================================================
Received Import Request.
  Time since last request: 2.450349 seconds.
  path: Assets/Mobile/UI
  artifactKey: Guid(e7fdf9603bb47074a9b04a3eb60ffcd8) Importer(815301076,1909f56bfc062723c751e8b465ee728b)
Start importing Assets/Mobile/UI using Guid(e7fdf9603bb47074a9b04a3eb60ffcd8) Importer(815301076,1909f56bfc062723c751e8b465ee728b)  -> (artifact id: 'ba1c84d84d98f31d60922e11f6890817') in 0.006559 seconds 
========================================================================
Received Import Request.
  Time since last request: 0.078338 seconds.
  path: Assets/Mobile/UI/UI_Circle_Bevel_Base.png
  artifactKey: Guid(b74c31d447d2f5d41a61081bdf5e7126) Importer(815301076,1909f56bfc062723c751e8b465ee728b)
Start importing Assets/Mobile/UI/UI_Circle_Bevel_Base.png using Guid(b74c31d447d2f5d41a61081bdf5e7126) Importer(815301076,1909f56bfc062723c751e8b465ee728b)  -> (artifact id: '350d2f7a75820eb9ea08d83176c8a9bd') in 0.092251 seconds 
========================================================================
Received Import Request.
  Time since last request: 0.000039 seconds.
  path: Assets/Mobile/UI/UI_Icon_Look.png
  artifactKey: Guid(af0ae2dbf3d1efb4f82af377950704a2) Importer(815301076,1909f56bfc062723c751e8b465ee728b)
Start importing Assets/Mobile/UI/UI_Icon_Look.png using Guid(af0ae2dbf3d1efb4f82af377950704a2) Importer(815301076,1909f56bfc062723c751e8b465ee728b)  -> (artifact id: '328fc536b3913071def56634a5f346f7') in 0.065282 seconds 
========================================================================
Received Import Request.
  Time since last request: 0.000032 seconds.
  path: Assets/Mobile/UI/UI_Icon_Sprint.png
  artifactKey: Guid(b0fa70abd2a79904cb00b175dfd8ec7e) Importer(815301076,1909f56bfc062723c751e8b465ee728b)
Start importing Assets/Mobile/UI/UI_Icon_Sprint.png using Guid(b0fa70abd2a79904cb00b175dfd8ec7e) Importer(815301076,1909f56bfc062723c751e8b465ee728b)  -> (artifact id: 'a7df1ccaf3e2c965eb65fca8da4f42ce') in 0.079700 seconds 
========================================================================
Received Import Request.
  Time since last request: 0.000139 seconds.
  path: Assets/Mobile/UI/UI_Icon_Move.png
  artifactKey: Guid(ff7bfa7addf40784d86f62b8e4a034a6) Importer(815301076,1909f56bfc062723c751e8b465ee728b)
Start importing Assets/Mobile/UI/UI_Icon_Move.png using Guid(ff7bfa7addf40784d86f62b8e4a034a6) Importer(815301076,1909f56bfc062723c751e8b465ee728b)  -> (artifact id: '990189b35ee5965deff3e298e288b321') in 0.081153 seconds 
========================================================================
Received Import Request.
  Time since last request: 6.656140 seconds.
  path: Assets/license.txt
  artifactKey: Guid(b846ecad8a98bd34dba8a5daf996d86e) Importer(815301076,1909f56bfc062723c751e8b465ee728b)
Start importing Assets/license.txt using Guid(b846ecad8a98bd34dba8a5daf996d86e) Importer(815301076,1909f56bfc062723c751e8b465ee728b)  -> (artifact id: '21d1ce961b1fd9beb42fee5964ecbb51') in 0.042565 seconds 
========================================================================
Received Import Request.
  Time since last request: 55.494526 seconds.
  path: Assets/SciFiWarriorPBRHPPolyart/Mesh/PBR_HP_Mesh.fbx
  artifactKey: Guid(5ae220fa0f79ffe41b0102a618febf5a) Importer(815301076,1909f56bfc062723c751e8b465ee728b)
Start importing Assets/SciFiWarriorPBRHPPolyart/Mesh/PBR_HP_Mesh.fbx using Guid(5ae220fa0f79ffe41b0102a618febf5a) Importer(815301076,1909f56bfc062723c751e8b465ee728b)  -> (artifact id: '20e6b803777db89ba61e9933c6d5bfb3') in 0.131173 seconds 
========================================================================
Received Import Request.
  Time since last request: 9.077257 seconds.
  path: Assets/SciFiWarriorPBRHPPolyart/Textures/HP_Albedo.png
  artifactKey: Guid(20fc9881d38a91b438bec3ae3db922f0) Importer(815301076,1909f56bfc062723c751e8b465ee728b)
Start importing Assets/SciFiWarriorPBRHPPolyart/Textures/HP_Albedo.png using Guid(20fc9881d38a91b438bec3ae3db922f0) Importer(815301076,1909f56bfc062723c751e8b465ee728b)  -> (artifact id: 'ac492c0496c914f488c58591e4b95a31') in 0.021722 seconds 
========================================================================
Received Import Request.
  Time since last request: 0.000023 seconds.
  path: Assets/SciFiWarriorPBRHPPolyart/Textures/PBR_Free_EM.png
  artifactKey: Guid(cf17bce15458a584ba4c432acf10f1ec) Importer(815301076,1909f56bfc062723c751e8b465ee728b)
Start importing Assets/SciFiWarriorPBRHPPolyart/Textures/PBR_Free_EM.png using Guid(cf17bce15458a584ba4c432acf10f1ec) Importer(815301076,1909f56bfc062723c751e8b465ee728b)  -> (artifact id: '680f1dc6a05086be35943f657103da74') in 0.022435 seconds 
========================================================================
Received Import Request.
  Time since last request: 0.000033 seconds.
  path: Assets/SciFiWarriorPBRHPPolyart/Textures/PBR_Free_MS.png
  artifactKey: Guid(7e4a41389ffe24f458e5a1b4b6c554eb) Importer(815301076,1909f56bfc062723c751e8b465ee728b)
Start importing Assets/SciFiWarriorPBRHPPolyart/Textures/PBR_Free_MS.png using Guid(7e4a41389ffe24f458e5a1b4b6c554eb) Importer(815301076,1909f56bfc062723c751e8b465ee728b)  -> (artifact id: 'bb4f00e3d2b1d1a13adfdbf4833ea983') in 0.022255 seconds 
========================================================================
Received Import Request.
  Time since last request: 0.000030 seconds.
  path: Assets/SciFiWarriorPBRHPPolyart/Textures/PolyartEmission.png
  artifactKey: Guid(61dc11b64d962ee4386737600bf34b90) Importer(815301076,1909f56bfc062723c751e8b465ee728b)
Start importing Assets/SciFiWarriorPBRHPPolyart/Textures/PolyartEmission.png using Guid(61dc11b64d962ee4386737600bf34b90) Importer(815301076,1909f56bfc062723c751e8b465ee728b)  -> (artifact id: '4f5469fb733fb2afd8dca96a8762dd22') in 0.019805 seconds 
========================================================================
Received Import Request.
  Time since last request: 10.282082 seconds.
  path: Assets/SciFiWarriorPBRHPPolyart/Animations/AvatarMask.mask
  artifactKey: Guid(e0402be4321aa2646a7af179c44591a7) Importer(815301076,1909f56bfc062723c751e8b465ee728b)
Start importing Assets/SciFiWarriorPBRHPPolyart/Animations/AvatarMask.mask using Guid(e0402be4321aa2646a7af179c44591a7) Importer(815301076,1909f56bfc062723c751e8b465ee728b)  -> (artifact id: '194303c48e6e0f0748ce0882a5ae51f9') in 0.004843 seconds 
========================================================================
Received Import Request.
  Time since last request: 0.000023 seconds.
  path: Assets/SciFiWarriorPBRHPPolyart/Animations/Shoot_SingleShot_AR.fbx
  artifactKey: Guid(7e58f38d10fcc9a498d348e7339ce3ec) Importer(815301076,1909f56bfc062723c751e8b465ee728b)
Start importing Assets/SciFiWarriorPBRHPPolyart/Animations/Shoot_SingleShot_AR.fbx using Guid(7e58f38d10fcc9a498d348e7339ce3ec) Importer(815301076,1909f56bfc062723c751e8b465ee728b)  -> (artifact id: '48c6a6f05a97da1e0ac7911f347e0e7a') in 0.155565 seconds 
========================================================================
Received Import Request.
  Time since last request: 0.000035 seconds.
  path: Assets/SciFiWarriorPBRHPPolyart/Animations/Reload.fbx
  artifactKey: Guid(45b9c258f262e844e8f5316722fc04c6) Importer(815301076,1909f56bfc062723c751e8b465ee728b)
Start importing Assets/SciFiWarriorPBRHPPolyart/Animations/Reload.fbx using Guid(45b9c258f262e844e8f5316722fc04c6) Importer(815301076,1909f56bfc062723c751e8b465ee728b)  -> (artifact id: 'abb398d8347772b85bf98838665bb0bd') in 0.155962 seconds 
========================================================================
Received Import Request.
  Time since last request: 0.000030 seconds.
  path: Assets/SciFiWarriorPBRHPPolyart/Animations/WalkFront_Shoot_ar.fbx
  artifactKey: Guid(e398e3aa9cdfcdc4ebd01a06e4c544ae) Importer(815301076,1909f56bfc062723c751e8b465ee728b)
Start importing Assets/SciFiWarriorPBRHPPolyart/Animations/WalkFront_Shoot_ar.fbx using Guid(e398e3aa9cdfcdc4ebd01a06e4c544ae) Importer(815301076,1909f56bfc062723c751e8b465ee728b)  -> (artifact id: '1c64c3d0eaa6b8eb38f64a0e330a91fd') in 0.150699 seconds 
========================================================================
Received Import Request.
  Time since last request: 0.000030 seconds.
  path: Assets/SciFiWarriorPBRHPPolyart/Animations/Idle_Ducking_ar.fbx
  artifactKey: Guid(3ad7c5979f6586d4a9532a55492a0ebe) Importer(815301076,1909f56bfc062723c751e8b465ee728b)
Start importing Assets/SciFiWarriorPBRHPPolyart/Animations/Idle_Ducking_ar.fbx using Guid(3ad7c5979f6586d4a9532a55492a0ebe) Importer(815301076,1909f56bfc062723c751e8b465ee728b)  -> (artifact id: 'f2c5ab10b29eef654737397b1823b111') in 0.137323 seconds 
========================================================================
Received Import Request.
  Time since last request: 0.000023 seconds.
  path: Assets/SciFiWarriorPBRHPPolyart/Animations/WalkBack_Shoot_ar.fbx
  artifactKey: Guid(669b29b2139d8de4ca5447dd50e201af) Importer(815301076,1909f56bfc062723c751e8b465ee728b)
Start importing Assets/SciFiWarriorPBRHPPolyart/Animations/WalkBack_Shoot_ar.fbx using Guid(669b29b2139d8de4ca5447dd50e201af) Importer(815301076,1909f56bfc062723c751e8b465ee728b)  -> (artifact id: '9165a43eeea75c371a706fe454224577') in 0.148640 seconds 
========================================================================
Received Import Request.
  Time since last request: 0.000032 seconds.
  path: Assets/SciFiWarriorPBRHPPolyart/Animations/Jump.fbx
  artifactKey: Guid(c09541f4236345c4fa4e4745793a59f3) Importer(815301076,1909f56bfc062723c751e8b465ee728b)
Start importing Assets/SciFiWarriorPBRHPPolyart/Animations/Jump.fbx using Guid(c09541f4236345c4fa4e4745793a59f3) Importer(815301076,1909f56bfc062723c751e8b465ee728b)  -> (artifact id: '04c264bf938a5b5f69f4e863dfc07729') in 0.163358 seconds 
========================================================================
Received Import Request.
  Time since last request: 0.000031 seconds.
  path: Assets/SciFiWarriorPBRHPPolyart/Animations/WalkRight_Shoot_ar.fbx
  artifactKey: Guid(e6a236f5b06f9cb44ae1ca8b50fcd8ca) Importer(815301076,1909f56bfc062723c751e8b465ee728b)
Start importing Assets/SciFiWarriorPBRHPPolyart/Animations/WalkRight_Shoot_ar.fbx using Guid(e6a236f5b06f9cb44ae1ca8b50fcd8ca) Importer(815301076,1909f56bfc062723c751e8b465ee728b)  -> (artifact id: 'b6b2b5fa92a4485581f12618123c096a') in 0.144739 seconds 
========================================================================
Received Import Request.
  Time since last request: 0.000039 seconds.
  path: Assets/SciFiWarriorPBRHPPolyart/Animations/Idle_guard_ar.fbx
  artifactKey: Guid(21a805ef27ad7ef42904fff42be01ba6) Importer(815301076,1909f56bfc062723c751e8b465ee728b)
Start importing Assets/SciFiWarriorPBRHPPolyart/Animations/Idle_guard_ar.fbx using Guid(21a805ef27ad7ef42904fff42be01ba6) Importer(815301076,1909f56bfc062723c751e8b465ee728b)  -> (artifact id: 'bdccafeaa4e55ae3afa7aab9b3022a6a') in 0.148262 seconds 
========================================================================
Received Import Request.
  Time since last request: 2.596155 seconds.
  path: Assets/SciFiWarriorPBRHPPolyart/Materials/Skybox_Mat.mat
  artifactKey: Guid(cb367fce222f8c644a223c3021709347) Importer(815301076,1909f56bfc062723c751e8b465ee728b)
Start importing Assets/SciFiWarriorPBRHPPolyart/Materials/Skybox_Mat.mat using Guid(cb367fce222f8c644a223c3021709347) Importer(815301076,1909f56bfc062723c751e8b465ee728b)  -> (artifact id: '7ef48a80db52674335d001c6102deae0') in 0.016745 seconds 
========================================================================
Received Prepare
Registering precompiled user dll's ...
Registered in 0.012760 seconds.
Begin MonoManager ReloadAssembly
Native extension for WindowsStandalone target not found
Native extension for WebGL target not found
Refreshing native plugins compatible for Editor in 1.67 ms, found 3 plugins.
Preloading 0 native plugins for Editor in 0.00 ms.
Mono: successfully reloaded assembly
- Completed reload, in  1.809 seconds
Domain Reload Profiling:
	ReloadAssembly (1810ms)
		BeginReloadAssembly (188ms)
			ExecutionOrderSort (0ms)
			DisableScriptedObjects (5ms)
			BackupInstance (0ms)
			ReleaseScriptingObjects (0ms)
			CreateAndSetChildDomain (57ms)
		EndReloadAssembly (1471ms)
			LoadAssemblies (156ms)
			RebuildTransferFunctionScriptingTraits (0ms)
			SetupTypeCache (432ms)
			ReleaseScriptCaches (4ms)
			RebuildScriptCaches (70ms)
			SetupLoadedEditorAssemblies (704ms)
				LogAssemblyErrors (0ms)
				InitializePlatformSupportModulesInManaged (22ms)
				SetLoadedEditorAssemblies (1ms)
				RefreshPlugins (2ms)
				BeforeProcessingInitializeOnLoad (126ms)
				ProcessInitializeOnLoadAttributes (425ms)
				ProcessInitializeOnLoadMethodAttributes (114ms)
				AfterProcessingInitializeOnLoad (15ms)
				EditorAssembliesLoaded (0ms)
			ExecutionOrderSort2 (0ms)
			AwakeInstancesAfterBackupRestoration (15ms)
Platform modules already initialized, skipping
Refreshing native plugins compatible for Editor in 3.12 ms, found 3 plugins.
Preloading 0 native plugins for Editor in 0.00 ms.
Unloading 5556 Unused Serialized files (Serialized files now loaded: 0)
Unloading 42 unused Assets / (1.2 MB). Loaded Objects now: 6248.
Memory consumption went from 233.9 MB to 232.8 MB.
Total: 6.395700 ms (FindLiveObjects: 0.732400 ms CreateObjectMapping: 1.044700 ms MarkObjects: 3.899600 ms  DeleteObjects: 0.717600 ms)

AssetImportParameters requested are different than current active one (requested -> active):
  custom:video-decoder-ogg-theora: a1e56fd34408186e4bbccfd4996cb3dc -> 
  custom:container-muxer-webm: aa71ff27fc2769a1b78a27578f13a17b -> 
  custom:container-demuxer-webm: 4f35f7cbe854078d1ac9338744f61a02 -> 
  custom:video-encoder-webm-vp8: eb34c28f22e8b96e1ab97ce403110664 -> 
  custom:audio-encoder-webm-vorbis: bf7c407c2cedff20999df2af8eb42d56 -> 
  custom:framework-win-MediaFoundation: 216162199b28c13a410421893ffa2e32 -> 
  custom:container-demuxer-ogg: 62fdf1f143b41e24485cea50d1cbac27 -> 
  custom:video-decoder-webm-vp8: 9c59270c3fd7afecdb556c50c9e8de78 -> 
  custom:audio-decoder-ogg-vorbis: bf7c407c2cedff20999df2af8eb42d56 -> 
